2018-11-19 09:49:48.529 INFO  org.springframework.context.annotation.AnnotationConfigApplicationContext Line:583 - Refreshing org.springframework.context.annotation.AnnotationConfigApplicationContext@2320fa6f: startup date [Mon Nov 19 09:49:48 CST 2018]; root of context hierarchy
2018-11-19 09:49:48.752 INFO  org.springframework.beans.factory.annotation.AutowiredAnnotationBeanPostProcessor Line:155 - JSR-330 'javax.inject.Inject' annotation found and supported for autowiring
2018-11-19 09:49:48.793 INFO  org.springframework.context.support.PostProcessorRegistrationDelegate$BeanPostProcessorChecker Line:325 - Bean 'configurationPropertiesRebinderAutoConfiguration' of type [org.springframework.cloud.autoconfigure.ConfigurationPropertiesRebinderAutoConfiguration$$EnhancerBySpringCGLIB$$f11f8f37] is not eligible for getting processed by all BeanPostProcessors (for example: not eligible for auto-proxying)
2018-11-19 09:49:49.775 INFO  cn.com.bluemoon.ServiceSeckillApplication Line:593 - No active profile set, falling back to default profiles: default
2018-11-19 09:49:49.789 INFO  org.springframework.boot.context.embedded.AnnotationConfigEmbeddedWebApplicationContext Line:583 - Refreshing org.springframework.boot.context.embedded.AnnotationConfigEmbeddedWebApplicationContext@1d25c1c: startup date [Mon Nov 19 09:49:49 CST 2018]; parent: org.springframework.context.annotation.AnnotationConfigApplicationContext@2320fa6f
2018-11-19 09:49:50.593 INFO  org.springframework.data.repository.config.RepositoryConfigurationDelegate Line:165 - Multiple Spring Data modules found, entering strict repository configuration mode!
2018-11-19 09:49:50.809 INFO  org.springframework.cloud.context.scope.GenericScope Line:263 - BeanFactory id=000eb869-9ba4-3ef5-98ab-7331eafc8b2d
2018-11-19 09:49:50.827 INFO  org.springframework.beans.factory.annotation.AutowiredAnnotationBeanPostProcessor Line:155 - JSR-330 'javax.inject.Inject' annotation found and supported for autowiring
2018-11-19 09:49:50.929 INFO  org.springframework.context.support.PostProcessorRegistrationDelegate$BeanPostProcessorChecker Line:325 - Bean 'org.springframework.kafka.annotation.KafkaBootstrapConfiguration' of type [org.springframework.kafka.annotation.KafkaBootstrapConfiguration$$EnhancerBySpringCGLIB$$a8b79dbd] is not eligible for getting processed by all BeanPostProcessors (for example: not eligible for auto-proxying)
2018-11-19 09:49:50.973 INFO  org.springframework.context.support.PostProcessorRegistrationDelegate$BeanPostProcessorChecker Line:325 - Bean 'org.springframework.cache.annotation.ProxyCachingConfiguration' of type [org.springframework.cache.annotation.ProxyCachingConfiguration$$EnhancerBySpringCGLIB$$1e17c258] is not eligible for getting processed by all BeanPostProcessors (for example: not eligible for auto-proxying)
2018-11-19 09:49:51.009 INFO  org.springframework.context.support.PostProcessorRegistrationDelegate$BeanPostProcessorChecker Line:325 - Bean 'org.springframework.transaction.annotation.ProxyTransactionManagementConfiguration' of type [org.springframework.transaction.annotation.ProxyTransactionManagementConfiguration$$EnhancerBySpringCGLIB$$d5058c3a] is not eligible for getting processed by all BeanPostProcessors (for example: not eligible for auto-proxying)
2018-11-19 09:49:51.044 INFO  org.springframework.context.support.PostProcessorRegistrationDelegate$BeanPostProcessorChecker Line:325 - Bean 'org.springframework.cloud.autoconfigure.ConfigurationPropertiesRebinderAutoConfiguration' of type [org.springframework.cloud.autoconfigure.ConfigurationPropertiesRebinderAutoConfiguration$$EnhancerBySpringCGLIB$$f11f8f37] is not eligible for getting processed by all BeanPostProcessors (for example: not eligible for auto-proxying)
2018-11-19 09:49:51.320 INFO  org.springframework.boot.context.embedded.tomcat.TomcatEmbeddedServletContainer Line:89  - Tomcat initialized with port(s): 8080 (http)
2018-11-19 09:49:51.330 INFO  org.apache.catalina.core.StandardService Line:179 - Starting service [Tomcat]
2018-11-19 09:49:51.332 INFO  org.apache.catalina.core.StandardEngine Line:179 - Starting Servlet Engine: Apache Tomcat/8.5.15
2018-11-19 09:49:51.549 INFO  org.apache.catalina.core.ContainerBase.[Tomcat].[localhost].[/] Line:179 - Initializing Spring embedded WebApplicationContext
2018-11-19 09:49:51.549 INFO  org.springframework.web.context.ContextLoader Line:276 - Root WebApplicationContext: initialization completed in 1760 ms
2018-11-19 09:49:51.909 INFO  org.springframework.boot.web.servlet.ServletRegistrationBean Line:190 - Mapping servlet: 'dispatcherServlet' to [/]
2018-11-19 09:49:51.914 INFO  org.springframework.boot.web.servlet.FilterRegistrationBean Line:258 - Mapping filter: 'metricsFilter' to: [/*]
2018-11-19 09:49:51.914 INFO  org.springframework.boot.web.servlet.FilterRegistrationBean Line:258 - Mapping filter: 'characterEncodingFilter' to: [/*]
2018-11-19 09:49:51.915 INFO  org.springframework.boot.web.servlet.FilterRegistrationBean Line:258 - Mapping filter: 'hiddenHttpMethodFilter' to: [/*]
2018-11-19 09:49:51.915 INFO  org.springframework.boot.web.servlet.FilterRegistrationBean Line:258 - Mapping filter: 'httpPutFormContentFilter' to: [/*]
2018-11-19 09:49:51.915 INFO  org.springframework.boot.web.servlet.FilterRegistrationBean Line:258 - Mapping filter: 'requestContextFilter' to: [/*]
2018-11-19 09:49:51.916 INFO  org.springframework.boot.web.servlet.FilterRegistrationBean Line:258 - Mapping filter: 'webRequestLoggingFilter' to: [/*]
2018-11-19 09:49:51.916 INFO  org.springframework.boot.web.servlet.FilterRegistrationBean Line:258 - Mapping filter: 'applicationContextIdFilter' to: [/*]
2018-11-19 09:49:52.070 INFO  org.apache.catalina.core.StandardService Line:179 - Stopping service [Tomcat]
2018-11-19 09:49:52.118 INFO  org.springframework.boot.autoconfigure.logging.AutoConfigurationReportLoggingInitializer Line:101 - 

Error starting ApplicationContext. To display the auto-configuration report re-run your application with 'debug' enabled.
2018-11-19 09:53:09.550 INFO  org.springframework.context.annotation.AnnotationConfigApplicationContext Line:583 - Refreshing org.springframework.context.annotation.AnnotationConfigApplicationContext@2320fa6f: startup date [Mon Nov 19 09:53:09 CST 2018]; root of context hierarchy
2018-11-19 09:53:09.761 INFO  org.springframework.beans.factory.annotation.AutowiredAnnotationBeanPostProcessor Line:155 - JSR-330 'javax.inject.Inject' annotation found and supported for autowiring
2018-11-19 09:53:09.798 INFO  org.springframework.context.support.PostProcessorRegistrationDelegate$BeanPostProcessorChecker Line:325 - Bean 'configurationPropertiesRebinderAutoConfiguration' of type [org.springframework.cloud.autoconfigure.ConfigurationPropertiesRebinderAutoConfiguration$$EnhancerBySpringCGLIB$$333a7bfc] is not eligible for getting processed by all BeanPostProcessors (for example: not eligible for auto-proxying)
2018-11-19 09:53:10.733 INFO  cn.com.bluemoon.ServiceSeckillApplication Line:593 - No active profile set, falling back to default profiles: default
2018-11-19 09:53:10.747 INFO  org.springframework.boot.context.embedded.AnnotationConfigEmbeddedWebApplicationContext Line:583 - Refreshing org.springframework.boot.context.embedded.AnnotationConfigEmbeddedWebApplicationContext@50194e8d: startup date [Mon Nov 19 09:53:10 CST 2018]; parent: org.springframework.context.annotation.AnnotationConfigApplicationContext@2320fa6f
2018-11-19 09:53:11.575 INFO  org.springframework.data.repository.config.RepositoryConfigurationDelegate Line:165 - Multiple Spring Data modules found, entering strict repository configuration mode!
2018-11-19 09:53:11.789 INFO  org.springframework.cloud.context.scope.GenericScope Line:263 - BeanFactory id=000eb869-9ba4-3ef5-98ab-7331eafc8b2d
2018-11-19 09:53:11.807 INFO  org.springframework.beans.factory.annotation.AutowiredAnnotationBeanPostProcessor Line:155 - JSR-330 'javax.inject.Inject' annotation found and supported for autowiring
2018-11-19 09:53:11.901 INFO  org.springframework.context.support.PostProcessorRegistrationDelegate$BeanPostProcessorChecker Line:325 - Bean 'org.springframework.kafka.annotation.KafkaBootstrapConfiguration' of type [org.springframework.kafka.annotation.KafkaBootstrapConfiguration$$EnhancerBySpringCGLIB$$ead28a82] is not eligible for getting processed by all BeanPostProcessors (for example: not eligible for auto-proxying)
2018-11-19 09:53:11.951 INFO  org.springframework.context.support.PostProcessorRegistrationDelegate$BeanPostProcessorChecker Line:325 - Bean 'org.springframework.cache.annotation.ProxyCachingConfiguration' of type [org.springframework.cache.annotation.ProxyCachingConfiguration$$EnhancerBySpringCGLIB$$6032af1d] is not eligible for getting processed by all BeanPostProcessors (for example: not eligible for auto-proxying)
2018-11-19 09:53:11.998 INFO  org.springframework.context.support.PostProcessorRegistrationDelegate$BeanPostProcessorChecker Line:325 - Bean 'org.springframework.transaction.annotation.ProxyTransactionManagementConfiguration' of type [org.springframework.transaction.annotation.ProxyTransactionManagementConfiguration$$EnhancerBySpringCGLIB$$172078ff] is not eligible for getting processed by all BeanPostProcessors (for example: not eligible for auto-proxying)
2018-11-19 09:53:12.029 INFO  org.springframework.context.support.PostProcessorRegistrationDelegate$BeanPostProcessorChecker Line:325 - Bean 'org.springframework.cloud.autoconfigure.ConfigurationPropertiesRebinderAutoConfiguration' of type [org.springframework.cloud.autoconfigure.ConfigurationPropertiesRebinderAutoConfiguration$$EnhancerBySpringCGLIB$$333a7bfc] is not eligible for getting processed by all BeanPostProcessors (for example: not eligible for auto-proxying)
2018-11-19 09:53:12.324 INFO  org.springframework.boot.context.embedded.tomcat.TomcatEmbeddedServletContainer Line:89  - Tomcat initialized with port(s): 8080 (http)
2018-11-19 09:53:12.338 INFO  org.apache.catalina.core.StandardService Line:179 - Starting service [Tomcat]
2018-11-19 09:53:12.340 INFO  org.apache.catalina.core.StandardEngine Line:179 - Starting Servlet Engine: Apache Tomcat/8.5.15
2018-11-19 09:53:12.553 INFO  org.apache.catalina.core.ContainerBase.[Tomcat].[localhost].[/] Line:179 - Initializing Spring embedded WebApplicationContext
2018-11-19 09:53:12.553 INFO  org.springframework.web.context.ContextLoader Line:276 - Root WebApplicationContext: initialization completed in 1806 ms
2018-11-19 09:53:12.891 INFO  org.springframework.boot.web.servlet.ServletRegistrationBean Line:190 - Mapping servlet: 'dispatcherServlet' to [/]
2018-11-19 09:53:12.896 INFO  org.springframework.boot.web.servlet.FilterRegistrationBean Line:258 - Mapping filter: 'metricsFilter' to: [/*]
2018-11-19 09:53:12.897 INFO  org.springframework.boot.web.servlet.FilterRegistrationBean Line:258 - Mapping filter: 'characterEncodingFilter' to: [/*]
2018-11-19 09:53:12.897 INFO  org.springframework.boot.web.servlet.FilterRegistrationBean Line:258 - Mapping filter: 'hiddenHttpMethodFilter' to: [/*]
2018-11-19 09:53:12.898 INFO  org.springframework.boot.web.servlet.FilterRegistrationBean Line:258 - Mapping filter: 'httpPutFormContentFilter' to: [/*]
2018-11-19 09:53:12.898 INFO  org.springframework.boot.web.servlet.FilterRegistrationBean Line:258 - Mapping filter: 'requestContextFilter' to: [/*]
2018-11-19 09:53:12.899 INFO  org.springframework.boot.web.servlet.FilterRegistrationBean Line:258 - Mapping filter: 'webRequestLoggingFilter' to: [/*]
2018-11-19 09:53:12.899 INFO  org.springframework.boot.web.servlet.FilterRegistrationBean Line:258 - Mapping filter: 'applicationContextIdFilter' to: [/*]
2018-11-19 09:53:13.585 INFO  org.springframework.web.servlet.mvc.method.annotation.RequestMappingHandlerAdapter Line:534 - Looking for @ControllerAdvice: org.springframework.boot.context.embedded.AnnotationConfigEmbeddedWebApplicationContext@50194e8d: startup date [Mon Nov 19 09:53:10 CST 2018]; parent: org.springframework.context.annotation.AnnotationConfigApplicationContext@2320fa6f
2018-11-19 09:53:13.682 INFO  org.springframework.web.servlet.mvc.method.annotation.RequestMappingHandlerMapping Line:543 - Mapped "{[/api/seckill/seckillPolling],methods=[POST]}" onto public cn.com.bluemoon.common.response.SeckillInfoResponse cn.com.bluemoon.controller.SeckillController.seckillPolling(com.alibaba.fastjson.JSONObject)
2018-11-19 09:53:13.684 INFO  org.springframework.web.servlet.mvc.method.annotation.RequestMappingHandlerMapping Line:543 - Mapped "{[/api/seckill/setStockNum],methods=[POST]}" onto public cn.com.bluemoon.common.response.BaseResponse cn.com.bluemoon.controller.SeckillController.setStockNum(com.alibaba.fastjson.JSONObject)
2018-11-19 09:53:13.685 INFO  org.springframework.web.servlet.mvc.method.annotation.RequestMappingHandlerMapping Line:543 - Mapped "{[/api/seckill/goSeckill],methods=[POST]}" onto public cn.com.bluemoon.common.response.SeckillInfoResponse cn.com.bluemoon.controller.SeckillController.goSeckill(com.alibaba.fastjson.JSONObject)
2018-11-19 09:53:13.687 INFO  org.springframework.web.servlet.mvc.method.annotation.RequestMappingHandlerMapping Line:543 - Mapped "{[/error]}" onto public org.springframework.http.ResponseEntity<java.util.Map<java.lang.String, java.lang.Object>> org.springframework.boot.autoconfigure.web.BasicErrorController.error(javax.servlet.http.HttpServletRequest)
2018-11-19 09:53:13.687 INFO  org.springframework.web.servlet.mvc.method.annotation.RequestMappingHandlerMapping Line:543 - Mapped "{[/error],produces=[text/html]}" onto public org.springframework.web.servlet.ModelAndView org.springframework.boot.autoconfigure.web.BasicErrorController.errorHtml(javax.servlet.http.HttpServletRequest,javax.servlet.http.HttpServletResponse)
2018-11-19 09:53:13.752 INFO  org.springframework.web.servlet.handler.SimpleUrlHandlerMapping Line:362 - Mapped URL path [/webjars/**] onto handler of type [class org.springframework.web.servlet.resource.ResourceHttpRequestHandler]
2018-11-19 09:53:13.753 INFO  org.springframework.web.servlet.handler.SimpleUrlHandlerMapping Line:362 - Mapped URL path [/**] onto handler of type [class org.springframework.web.servlet.resource.ResourceHttpRequestHandler]
2018-11-19 09:53:13.811 INFO  org.springframework.web.servlet.handler.SimpleUrlHandlerMapping Line:362 - Mapped URL path [/**/favicon.ico] onto handler of type [class org.springframework.web.servlet.resource.ResourceHttpRequestHandler]
2018-11-19 09:53:14.715 INFO  org.apache.catalina.core.StandardService Line:179 - Stopping service [Tomcat]
2018-11-19 09:53:14.738 INFO  org.springframework.boot.autoconfigure.logging.AutoConfigurationReportLoggingInitializer Line:101 - 

Error starting ApplicationContext. To display the auto-configuration report re-run your application with 'debug' enabled.
2018-11-19 09:56:56.358 INFO  org.springframework.context.annotation.AnnotationConfigApplicationContext Line:583 - Refreshing org.springframework.context.annotation.AnnotationConfigApplicationContext@2320fa6f: startup date [Mon Nov 19 09:56:56 CST 2018]; root of context hierarchy
2018-11-19 09:56:56.571 INFO  org.springframework.beans.factory.annotation.AutowiredAnnotationBeanPostProcessor Line:155 - JSR-330 'javax.inject.Inject' annotation found and supported for autowiring
2018-11-19 09:56:56.607 INFO  org.springframework.context.support.PostProcessorRegistrationDelegate$BeanPostProcessorChecker Line:325 - Bean 'configurationPropertiesRebinderAutoConfiguration' of type [org.springframework.cloud.autoconfigure.ConfigurationPropertiesRebinderAutoConfiguration$$EnhancerBySpringCGLIB$$ae352c6e] is not eligible for getting processed by all BeanPostProcessors (for example: not eligible for auto-proxying)
2018-11-19 09:56:57.500 INFO  cn.com.bluemoon.ServiceSeckillApplication Line:593 - No active profile set, falling back to default profiles: default
2018-11-19 09:56:57.513 INFO  org.springframework.boot.context.embedded.AnnotationConfigEmbeddedWebApplicationContext Line:583 - Refreshing org.springframework.boot.context.embedded.AnnotationConfigEmbeddedWebApplicationContext@50194e8d: startup date [Mon Nov 19 09:56:57 CST 2018]; parent: org.springframework.context.annotation.AnnotationConfigApplicationContext@2320fa6f
2018-11-19 09:56:58.290 INFO  org.springframework.data.repository.config.RepositoryConfigurationDelegate Line:165 - Multiple Spring Data modules found, entering strict repository configuration mode!
2018-11-19 09:56:58.496 INFO  org.springframework.cloud.context.scope.GenericScope Line:263 - BeanFactory id=000eb869-9ba4-3ef5-98ab-7331eafc8b2d
2018-11-19 09:56:58.513 INFO  org.springframework.beans.factory.annotation.AutowiredAnnotationBeanPostProcessor Line:155 - JSR-330 'javax.inject.Inject' annotation found and supported for autowiring
2018-11-19 09:56:58.606 INFO  org.springframework.context.support.PostProcessorRegistrationDelegate$BeanPostProcessorChecker Line:325 - Bean 'org.springframework.kafka.annotation.KafkaBootstrapConfiguration' of type [org.springframework.kafka.annotation.KafkaBootstrapConfiguration$$EnhancerBySpringCGLIB$$65cd3af4] is not eligible for getting processed by all BeanPostProcessors (for example: not eligible for auto-proxying)
2018-11-19 09:56:58.647 INFO  org.springframework.context.support.PostProcessorRegistrationDelegate$BeanPostProcessorChecker Line:325 - Bean 'org.springframework.cache.annotation.ProxyCachingConfiguration' of type [org.springframework.cache.annotation.ProxyCachingConfiguration$$EnhancerBySpringCGLIB$$db2d5f8f] is not eligible for getting processed by all BeanPostProcessors (for example: not eligible for auto-proxying)
2018-11-19 09:56:58.686 INFO  org.springframework.context.support.PostProcessorRegistrationDelegate$BeanPostProcessorChecker Line:325 - Bean 'org.springframework.transaction.annotation.ProxyTransactionManagementConfiguration' of type [org.springframework.transaction.annotation.ProxyTransactionManagementConfiguration$$EnhancerBySpringCGLIB$$921b2971] is not eligible for getting processed by all BeanPostProcessors (for example: not eligible for auto-proxying)
2018-11-19 09:56:58.717 INFO  org.springframework.context.support.PostProcessorRegistrationDelegate$BeanPostProcessorChecker Line:325 - Bean 'org.springframework.cloud.autoconfigure.ConfigurationPropertiesRebinderAutoConfiguration' of type [org.springframework.cloud.autoconfigure.ConfigurationPropertiesRebinderAutoConfiguration$$EnhancerBySpringCGLIB$$ae352c6e] is not eligible for getting processed by all BeanPostProcessors (for example: not eligible for auto-proxying)
2018-11-19 09:56:58.976 INFO  org.springframework.boot.context.embedded.tomcat.TomcatEmbeddedServletContainer Line:89  - Tomcat initialized with port(s): 8080 (http)
2018-11-19 09:56:58.983 INFO  org.apache.catalina.core.StandardService Line:179 - Starting service [Tomcat]
2018-11-19 09:56:58.984 INFO  org.apache.catalina.core.StandardEngine Line:179 - Starting Servlet Engine: Apache Tomcat/8.5.15
2018-11-19 09:56:59.171 INFO  org.apache.catalina.core.ContainerBase.[Tomcat].[localhost].[/] Line:179 - Initializing Spring embedded WebApplicationContext
2018-11-19 09:56:59.171 INFO  org.springframework.web.context.ContextLoader Line:276 - Root WebApplicationContext: initialization completed in 1658 ms
2018-11-19 09:56:59.515 INFO  org.springframework.boot.web.servlet.ServletRegistrationBean Line:190 - Mapping servlet: 'dispatcherServlet' to [/]
2018-11-19 09:56:59.531 INFO  org.springframework.boot.web.servlet.FilterRegistrationBean Line:258 - Mapping filter: 'metricsFilter' to: [/*]
2018-11-19 09:56:59.532 INFO  org.springframework.boot.web.servlet.FilterRegistrationBean Line:258 - Mapping filter: 'characterEncodingFilter' to: [/*]
2018-11-19 09:56:59.532 INFO  org.springframework.boot.web.servlet.FilterRegistrationBean Line:258 - Mapping filter: 'hiddenHttpMethodFilter' to: [/*]
2018-11-19 09:56:59.533 INFO  org.springframework.boot.web.servlet.FilterRegistrationBean Line:258 - Mapping filter: 'httpPutFormContentFilter' to: [/*]
2018-11-19 09:56:59.533 INFO  org.springframework.boot.web.servlet.FilterRegistrationBean Line:258 - Mapping filter: 'requestContextFilter' to: [/*]
2018-11-19 09:56:59.533 INFO  org.springframework.boot.web.servlet.FilterRegistrationBean Line:258 - Mapping filter: 'webRequestLoggingFilter' to: [/*]
2018-11-19 09:56:59.534 INFO  org.springframework.boot.web.servlet.FilterRegistrationBean Line:258 - Mapping filter: 'applicationContextIdFilter' to: [/*]
2018-11-19 09:57:00.168 INFO  org.springframework.web.servlet.mvc.method.annotation.RequestMappingHandlerAdapter Line:534 - Looking for @ControllerAdvice: org.springframework.boot.context.embedded.AnnotationConfigEmbeddedWebApplicationContext@50194e8d: startup date [Mon Nov 19 09:56:57 CST 2018]; parent: org.springframework.context.annotation.AnnotationConfigApplicationContext@2320fa6f
2018-11-19 09:57:00.263 INFO  org.springframework.web.servlet.mvc.method.annotation.RequestMappingHandlerMapping Line:543 - Mapped "{[/api/seckill/setStockNum],methods=[POST]}" onto public cn.com.bluemoon.common.response.BaseResponse cn.com.bluemoon.controller.SeckillController.setStockNum(com.alibaba.fastjson.JSONObject)
2018-11-19 09:57:00.264 INFO  org.springframework.web.servlet.mvc.method.annotation.RequestMappingHandlerMapping Line:543 - Mapped "{[/api/seckill/goSeckill],methods=[POST]}" onto public cn.com.bluemoon.common.response.SeckillInfoResponse cn.com.bluemoon.controller.SeckillController.goSeckill(com.alibaba.fastjson.JSONObject)
2018-11-19 09:57:00.265 INFO  org.springframework.web.servlet.mvc.method.annotation.RequestMappingHandlerMapping Line:543 - Mapped "{[/api/seckill/seckillPolling],methods=[POST]}" onto public cn.com.bluemoon.common.response.SeckillInfoResponse cn.com.bluemoon.controller.SeckillController.seckillPolling(com.alibaba.fastjson.JSONObject)
2018-11-19 09:57:00.267 INFO  org.springframework.web.servlet.mvc.method.annotation.RequestMappingHandlerMapping Line:543 - Mapped "{[/error]}" onto public org.springframework.http.ResponseEntity<java.util.Map<java.lang.String, java.lang.Object>> org.springframework.boot.autoconfigure.web.BasicErrorController.error(javax.servlet.http.HttpServletRequest)
2018-11-19 09:57:00.267 INFO  org.springframework.web.servlet.mvc.method.annotation.RequestMappingHandlerMapping Line:543 - Mapped "{[/error],produces=[text/html]}" onto public org.springframework.web.servlet.ModelAndView org.springframework.boot.autoconfigure.web.BasicErrorController.errorHtml(javax.servlet.http.HttpServletRequest,javax.servlet.http.HttpServletResponse)
2018-11-19 09:57:00.328 INFO  org.springframework.web.servlet.handler.SimpleUrlHandlerMapping Line:362 - Mapped URL path [/webjars/**] onto handler of type [class org.springframework.web.servlet.resource.ResourceHttpRequestHandler]
2018-11-19 09:57:00.328 INFO  org.springframework.web.servlet.handler.SimpleUrlHandlerMapping Line:362 - Mapped URL path [/**] onto handler of type [class org.springframework.web.servlet.resource.ResourceHttpRequestHandler]
2018-11-19 09:57:00.388 INFO  org.springframework.web.servlet.handler.SimpleUrlHandlerMapping Line:362 - Mapped URL path [/**/favicon.ico] onto handler of type [class org.springframework.web.servlet.resource.ResourceHttpRequestHandler]
2018-11-19 09:57:01.343 INFO  org.apache.catalina.core.StandardService Line:179 - Stopping service [Tomcat]
2018-11-19 09:57:01.366 INFO  org.springframework.boot.autoconfigure.logging.AutoConfigurationReportLoggingInitializer Line:101 - 

Error starting ApplicationContext. To display the auto-configuration report re-run your application with 'debug' enabled.
2018-11-19 10:02:22.341 INFO  org.springframework.context.annotation.AnnotationConfigApplicationContext Line:583 - Refreshing org.springframework.context.annotation.AnnotationConfigApplicationContext@2320fa6f: startup date [Mon Nov 19 10:02:22 CST 2018]; root of context hierarchy
2018-11-19 10:02:22.532 INFO  org.springframework.beans.factory.annotation.AutowiredAnnotationBeanPostProcessor Line:155 - JSR-330 'javax.inject.Inject' annotation found and supported for autowiring
2018-11-19 10:02:22.567 INFO  org.springframework.context.support.PostProcessorRegistrationDelegate$BeanPostProcessorChecker Line:325 - Bean 'configurationPropertiesRebinderAutoConfiguration' of type [org.springframework.cloud.autoconfigure.ConfigurationPropertiesRebinderAutoConfiguration$$EnhancerBySpringCGLIB$$d31f902d] is not eligible for getting processed by all BeanPostProcessors (for example: not eligible for auto-proxying)
2018-11-19 10:02:23.491 INFO  cn.com.bluemoon.ServiceSeckillApplication Line:593 - No active profile set, falling back to default profiles: default
2018-11-19 10:02:23.505 INFO  org.springframework.boot.context.embedded.AnnotationConfigEmbeddedWebApplicationContext Line:583 - Refreshing org.springframework.boot.context.embedded.AnnotationConfigEmbeddedWebApplicationContext@50194e8d: startup date [Mon Nov 19 10:02:23 CST 2018]; parent: org.springframework.context.annotation.AnnotationConfigApplicationContext@2320fa6f
2018-11-19 10:02:24.311 INFO  org.springframework.data.repository.config.RepositoryConfigurationDelegate Line:165 - Multiple Spring Data modules found, entering strict repository configuration mode!
2018-11-19 10:02:24.537 INFO  org.springframework.cloud.context.scope.GenericScope Line:263 - BeanFactory id=ccd74610-d236-30b4-bd21-0845af51aacf
2018-11-19 10:02:24.553 INFO  org.springframework.beans.factory.annotation.AutowiredAnnotationBeanPostProcessor Line:155 - JSR-330 'javax.inject.Inject' annotation found and supported for autowiring
2018-11-19 10:02:24.643 INFO  org.springframework.context.support.PostProcessorRegistrationDelegate$BeanPostProcessorChecker Line:325 - Bean 'org.springframework.kafka.annotation.KafkaBootstrapConfiguration' of type [org.springframework.kafka.annotation.KafkaBootstrapConfiguration$$EnhancerBySpringCGLIB$$8ab79eb3] is not eligible for getting processed by all BeanPostProcessors (for example: not eligible for auto-proxying)
2018-11-19 10:02:24.686 INFO  org.springframework.context.support.PostProcessorRegistrationDelegate$BeanPostProcessorChecker Line:325 - Bean 'org.springframework.cache.annotation.ProxyCachingConfiguration' of type [org.springframework.cache.annotation.ProxyCachingConfiguration$$EnhancerBySpringCGLIB$$17c34e] is not eligible for getting processed by all BeanPostProcessors (for example: not eligible for auto-proxying)
2018-11-19 10:02:24.723 INFO  org.springframework.context.support.PostProcessorRegistrationDelegate$BeanPostProcessorChecker Line:325 - Bean 'org.springframework.transaction.annotation.ProxyTransactionManagementConfiguration' of type [org.springframework.transaction.annotation.ProxyTransactionManagementConfiguration$$EnhancerBySpringCGLIB$$b7058d30] is not eligible for getting processed by all BeanPostProcessors (for example: not eligible for auto-proxying)
2018-11-19 10:02:24.752 INFO  org.springframework.context.support.PostProcessorRegistrationDelegate$BeanPostProcessorChecker Line:325 - Bean 'org.springframework.cloud.autoconfigure.ConfigurationPropertiesRebinderAutoConfiguration' of type [org.springframework.cloud.autoconfigure.ConfigurationPropertiesRebinderAutoConfiguration$$EnhancerBySpringCGLIB$$d31f902d] is not eligible for getting processed by all BeanPostProcessors (for example: not eligible for auto-proxying)
2018-11-19 10:02:25.015 INFO  org.springframework.boot.context.embedded.tomcat.TomcatEmbeddedServletContainer Line:89  - Tomcat initialized with port(s): 8080 (http)
2018-11-19 10:02:25.023 INFO  org.apache.catalina.core.StandardService Line:179 - Starting service [Tomcat]
2018-11-19 10:02:25.024 INFO  org.apache.catalina.core.StandardEngine Line:179 - Starting Servlet Engine: Apache Tomcat/8.5.15
2018-11-19 10:02:25.220 INFO  org.apache.catalina.core.ContainerBase.[Tomcat].[localhost].[/] Line:179 - Initializing Spring embedded WebApplicationContext
2018-11-19 10:02:25.221 INFO  org.springframework.web.context.ContextLoader Line:276 - Root WebApplicationContext: initialization completed in 1716 ms
2018-11-19 10:02:25.579 INFO  org.springframework.boot.web.servlet.ServletRegistrationBean Line:190 - Mapping servlet: 'dispatcherServlet' to [/]
2018-11-19 10:02:25.583 INFO  org.springframework.boot.web.servlet.FilterRegistrationBean Line:258 - Mapping filter: 'metricsFilter' to: [/*]
2018-11-19 10:02:25.584 INFO  org.springframework.boot.web.servlet.FilterRegistrationBean Line:258 - Mapping filter: 'characterEncodingFilter' to: [/*]
2018-11-19 10:02:25.584 INFO  org.springframework.boot.web.servlet.FilterRegistrationBean Line:258 - Mapping filter: 'hiddenHttpMethodFilter' to: [/*]
2018-11-19 10:02:25.585 INFO  org.springframework.boot.web.servlet.FilterRegistrationBean Line:258 - Mapping filter: 'httpPutFormContentFilter' to: [/*]
2018-11-19 10:02:25.585 INFO  org.springframework.boot.web.servlet.FilterRegistrationBean Line:258 - Mapping filter: 'requestContextFilter' to: [/*]
2018-11-19 10:02:25.585 INFO  org.springframework.boot.web.servlet.FilterRegistrationBean Line:258 - Mapping filter: 'webRequestLoggingFilter' to: [/*]
2018-11-19 10:02:25.585 INFO  org.springframework.boot.web.servlet.FilterRegistrationBean Line:258 - Mapping filter: 'applicationContextIdFilter' to: [/*]
2018-11-19 10:02:26.824 INFO  org.springframework.web.servlet.mvc.method.annotation.RequestMappingHandlerAdapter Line:534 - Looking for @ControllerAdvice: org.springframework.boot.context.embedded.AnnotationConfigEmbeddedWebApplicationContext@50194e8d: startup date [Mon Nov 19 10:02:23 CST 2018]; parent: org.springframework.context.annotation.AnnotationConfigApplicationContext@2320fa6f
2018-11-19 10:02:26.919 INFO  org.springframework.web.servlet.mvc.method.annotation.RequestMappingHandlerMapping Line:543 - Mapped "{[/api/seckill/setStockNum],methods=[POST]}" onto public cn.com.bluemoon.common.response.BaseResponse cn.com.bluemoon.controller.SeckillController.setStockNum(com.alibaba.fastjson.JSONObject)
2018-11-19 10:02:26.920 INFO  org.springframework.web.servlet.mvc.method.annotation.RequestMappingHandlerMapping Line:543 - Mapped "{[/api/seckill/goSeckill],methods=[POST]}" onto public cn.com.bluemoon.common.response.SeckillInfoResponse cn.com.bluemoon.controller.SeckillController.goSeckill(com.alibaba.fastjson.JSONObject)
2018-11-19 10:02:26.921 INFO  org.springframework.web.servlet.mvc.method.annotation.RequestMappingHandlerMapping Line:543 - Mapped "{[/api/seckill/seckillPolling],methods=[POST]}" onto public cn.com.bluemoon.common.response.SeckillInfoResponse cn.com.bluemoon.controller.SeckillController.seckillPolling(com.alibaba.fastjson.JSONObject)
2018-11-19 10:02:26.923 INFO  org.springframework.web.servlet.mvc.method.annotation.RequestMappingHandlerMapping Line:543 - Mapped "{[/error]}" onto public org.springframework.http.ResponseEntity<java.util.Map<java.lang.String, java.lang.Object>> org.springframework.boot.autoconfigure.web.BasicErrorController.error(javax.servlet.http.HttpServletRequest)
2018-11-19 10:02:26.923 INFO  org.springframework.web.servlet.mvc.method.annotation.RequestMappingHandlerMapping Line:543 - Mapped "{[/error],produces=[text/html]}" onto public org.springframework.web.servlet.ModelAndView org.springframework.boot.autoconfigure.web.BasicErrorController.errorHtml(javax.servlet.http.HttpServletRequest,javax.servlet.http.HttpServletResponse)
2018-11-19 10:02:26.984 INFO  org.springframework.web.servlet.handler.SimpleUrlHandlerMapping Line:362 - Mapped URL path [/webjars/**] onto handler of type [class org.springframework.web.servlet.resource.ResourceHttpRequestHandler]
2018-11-19 10:02:26.984 INFO  org.springframework.web.servlet.handler.SimpleUrlHandlerMapping Line:362 - Mapped URL path [/**] onto handler of type [class org.springframework.web.servlet.resource.ResourceHttpRequestHandler]
2018-11-19 10:02:27.042 INFO  org.springframework.web.servlet.handler.SimpleUrlHandlerMapping Line:362 - Mapped URL path [/**/favicon.ico] onto handler of type [class org.springframework.web.servlet.resource.ResourceHttpRequestHandler]
2018-11-19 10:02:28.436 INFO  org.springframework.boot.actuate.endpoint.mvc.EndpointHandlerMapping Line:543 - Mapped "{[/info || /info.json],methods=[GET],produces=[application/vnd.spring-boot.actuator.v1+json || application/json]}" onto public java.lang.Object org.springframework.boot.actuate.endpoint.mvc.EndpointMvcAdapter.invoke()
2018-11-19 10:02:28.438 INFO  org.springframework.boot.actuate.endpoint.mvc.EndpointHandlerMapping Line:543 - Mapped "{[/refresh || /refresh.json],methods=[POST]}" onto public java.lang.Object org.springframework.cloud.endpoint.GenericPostableMvcEndpoint.invoke()
2018-11-19 10:02:28.439 INFO  org.springframework.boot.actuate.endpoint.mvc.EndpointHandlerMapping Line:543 - Mapped "{[/mappings || /mappings.json],methods=[GET],produces=[application/vnd.spring-boot.actuator.v1+json || application/json]}" onto public java.lang.Object org.springframework.boot.actuate.endpoint.mvc.EndpointMvcAdapter.invoke()
2018-11-19 10:02:28.440 INFO  org.springframework.boot.actuate.endpoint.mvc.EndpointHandlerMapping Line:543 - Mapped "{[/health || /health.json],methods=[GET],produces=[application/vnd.spring-boot.actuator.v1+json || application/json]}" onto public java.lang.Object org.springframework.boot.actuate.endpoint.mvc.HealthMvcEndpoint.invoke(javax.servlet.http.HttpServletRequest,java.security.Principal)
2018-11-19 10:02:28.442 INFO  org.springframework.boot.actuate.endpoint.mvc.EndpointHandlerMapping Line:543 - Mapped "{[/loggers/{name:.*}],methods=[GET],produces=[application/vnd.spring-boot.actuator.v1+json || application/json]}" onto public java.lang.Object org.springframework.boot.actuate.endpoint.mvc.LoggersMvcEndpoint.get(java.lang.String)
2018-11-19 10:02:28.442 INFO  org.springframework.boot.actuate.endpoint.mvc.EndpointHandlerMapping Line:543 - Mapped "{[/loggers/{name:.*}],methods=[POST],consumes=[application/vnd.spring-boot.actuator.v1+json || application/json],produces=[application/vnd.spring-boot.actuator.v1+json || application/json]}" onto public java.lang.Object org.springframework.boot.actuate.endpoint.mvc.LoggersMvcEndpoint.set(java.lang.String,java.util.Map<java.lang.String, java.lang.String>)
2018-11-19 10:02:28.442 INFO  org.springframework.boot.actuate.endpoint.mvc.EndpointHandlerMapping Line:543 - Mapped "{[/loggers || /loggers.json],methods=[GET],produces=[application/vnd.spring-boot.actuator.v1+json || application/json]}" onto public java.lang.Object org.springframework.boot.actuate.endpoint.mvc.EndpointMvcAdapter.invoke()
2018-11-19 10:02:28.443 INFO  org.springframework.boot.actuate.endpoint.mvc.EndpointHandlerMapping Line:543 - Mapped "{[/pause || /pause.json],methods=[POST]}" onto public java.lang.Object org.springframework.cloud.endpoint.GenericPostableMvcEndpoint.invoke()
2018-11-19 10:02:28.444 INFO  org.springframework.boot.actuate.endpoint.mvc.EndpointHandlerMapping Line:543 - Mapped "{[/features || /features.json],methods=[GET],produces=[application/vnd.spring-boot.actuator.v1+json || application/json]}" onto public java.lang.Object org.springframework.boot.actuate.endpoint.mvc.EndpointMvcAdapter.invoke()
2018-11-19 10:02:28.445 INFO  org.springframework.boot.actuate.endpoint.mvc.EndpointHandlerMapping Line:543 - Mapped "{[/beans || /beans.json],methods=[GET],produces=[application/vnd.spring-boot.actuator.v1+json || application/json]}" onto public java.lang.Object org.springframework.boot.actuate.endpoint.mvc.EndpointMvcAdapter.invoke()
2018-11-19 10:02:28.446 INFO  org.springframework.boot.actuate.endpoint.mvc.EndpointHandlerMapping Line:543 - Mapped "{[/archaius || /archaius.json],methods=[GET],produces=[application/vnd.spring-boot.actuator.v1+json || application/json]}" onto public java.lang.Object org.springframework.boot.actuate.endpoint.mvc.EndpointMvcAdapter.invoke()
2018-11-19 10:02:28.446 INFO  org.springframework.boot.actuate.endpoint.mvc.EndpointHandlerMapping Line:543 - Mapped "{[/trace || /trace.json],methods=[GET],produces=[application/vnd.spring-boot.actuator.v1+json || application/json]}" onto public java.lang.Object org.springframework.boot.actuate.endpoint.mvc.EndpointMvcAdapter.invoke()
2018-11-19 10:02:28.447 INFO  org.springframework.boot.actuate.endpoint.mvc.EndpointHandlerMapping Line:543 - Mapped "{[/dump || /dump.json],methods=[GET],produces=[application/vnd.spring-boot.actuator.v1+json || application/json]}" onto public java.lang.Object org.springframework.boot.actuate.endpoint.mvc.EndpointMvcAdapter.invoke()
2018-11-19 10:02:28.447 INFO  org.springframework.boot.actuate.endpoint.mvc.EndpointHandlerMapping Line:543 - Mapped "{[/restart || /restart.json],methods=[POST]}" onto public java.lang.Object org.springframework.cloud.context.restart.RestartMvcEndpoint.invoke()
2018-11-19 10:02:28.448 INFO  org.springframework.boot.actuate.endpoint.mvc.EndpointHandlerMapping Line:543 - Mapped "{[/autoconfig || /autoconfig.json],methods=[GET],produces=[application/vnd.spring-boot.actuator.v1+json || application/json]}" onto public java.lang.Object org.springframework.boot.actuate.endpoint.mvc.EndpointMvcAdapter.invoke()
2018-11-19 10:02:28.449 INFO  org.springframework.boot.actuate.endpoint.mvc.EndpointHandlerMapping Line:543 - Mapped "{[/env/{name:.*}],methods=[GET],produces=[application/vnd.spring-boot.actuator.v1+json || application/json]}" onto public java.lang.Object org.springframework.boot.actuate.endpoint.mvc.EnvironmentMvcEndpoint.value(java.lang.String)
2018-11-19 10:02:28.449 INFO  org.springframework.boot.actuate.endpoint.mvc.EndpointHandlerMapping Line:543 - Mapped "{[/env || /env.json],methods=[GET],produces=[application/vnd.spring-boot.actuator.v1+json || application/json]}" onto public java.lang.Object org.springframework.boot.actuate.endpoint.mvc.EndpointMvcAdapter.invoke()
2018-11-19 10:02:28.450 INFO  org.springframework.boot.actuate.endpoint.mvc.EndpointHandlerMapping Line:543 - Mapped "{[/configprops || /configprops.json],methods=[GET],produces=[application/vnd.spring-boot.actuator.v1+json || application/json]}" onto public java.lang.Object org.springframework.boot.actuate.endpoint.mvc.EndpointMvcAdapter.invoke()
2018-11-19 10:02:28.451 INFO  org.springframework.boot.actuate.endpoint.mvc.EndpointHandlerMapping Line:543 - Mapped "{[/env],methods=[POST]}" onto public java.lang.Object org.springframework.cloud.context.environment.EnvironmentManagerMvcEndpoint.value(java.util.Map<java.lang.String, java.lang.String>)
2018-11-19 10:02:28.452 INFO  org.springframework.boot.actuate.endpoint.mvc.EndpointHandlerMapping Line:543 - Mapped "{[/env/reset],methods=[POST]}" onto public java.util.Map<java.lang.String, java.lang.Object> org.springframework.cloud.context.environment.EnvironmentManagerMvcEndpoint.reset()
2018-11-19 10:02:28.453 INFO  org.springframework.boot.actuate.endpoint.mvc.EndpointHandlerMapping Line:543 - Mapped "{[/heapdump || /heapdump.json],methods=[GET],produces=[application/octet-stream]}" onto public void org.springframework.boot.actuate.endpoint.mvc.HeapdumpMvcEndpoint.invoke(boolean,javax.servlet.http.HttpServletRequest,javax.servlet.http.HttpServletResponse) throws java.io.IOException,javax.servlet.ServletException
2018-11-19 10:02:28.454 INFO  org.springframework.boot.actuate.endpoint.mvc.EndpointHandlerMapping Line:543 - Mapped "{[/metrics/{name:.*}],methods=[GET],produces=[application/vnd.spring-boot.actuator.v1+json || application/json]}" onto public java.lang.Object org.springframework.boot.actuate.endpoint.mvc.MetricsMvcEndpoint.value(java.lang.String)
2018-11-19 10:02:28.454 INFO  org.springframework.boot.actuate.endpoint.mvc.EndpointHandlerMapping Line:543 - Mapped "{[/metrics || /metrics.json],methods=[GET],produces=[application/vnd.spring-boot.actuator.v1+json || application/json]}" onto public java.lang.Object org.springframework.boot.actuate.endpoint.mvc.EndpointMvcAdapter.invoke()
2018-11-19 10:02:28.455 INFO  org.springframework.boot.actuate.endpoint.mvc.EndpointHandlerMapping Line:543 - Mapped "{[/auditevents || /auditevents.json],methods=[GET],produces=[application/vnd.spring-boot.actuator.v1+json || application/json]}" onto public org.springframework.http.ResponseEntity<?> org.springframework.boot.actuate.endpoint.mvc.AuditEventsMvcEndpoint.findByPrincipalAndAfterAndType(java.lang.String,java.util.Date,java.lang.String)
2018-11-19 10:02:28.455 INFO  org.springframework.boot.actuate.endpoint.mvc.EndpointHandlerMapping Line:543 - Mapped "{[/resume || /resume.json],methods=[POST]}" onto public java.lang.Object org.springframework.cloud.endpoint.GenericPostableMvcEndpoint.invoke()
2018-11-19 10:02:28.706 INFO  org.springframework.jmx.export.annotation.AnnotationMBeanExporter Line:449 - Unregistering JMX-exposed beans on shutdown
2018-11-19 10:02:28.708 INFO  org.apache.catalina.core.StandardService Line:179 - Stopping service [Tomcat]
2018-11-19 10:02:28.729 INFO  org.springframework.boot.autoconfigure.logging.AutoConfigurationReportLoggingInitializer Line:101 - 

Error starting ApplicationContext. To display the auto-configuration report re-run your application with 'debug' enabled.
2018-11-19 10:04:44.990 INFO  org.springframework.context.annotation.AnnotationConfigApplicationContext Line:583 - Refreshing org.springframework.context.annotation.AnnotationConfigApplicationContext@2320fa6f: startup date [Mon Nov 19 10:04:44 CST 2018]; root of context hierarchy
2018-11-19 10:04:45.185 INFO  org.springframework.beans.factory.annotation.AutowiredAnnotationBeanPostProcessor Line:155 - JSR-330 'javax.inject.Inject' annotation found and supported for autowiring
2018-11-19 10:04:45.220 INFO  org.springframework.context.support.PostProcessorRegistrationDelegate$BeanPostProcessorChecker Line:325 - Bean 'configurationPropertiesRebinderAutoConfiguration' of type [org.springframework.cloud.autoconfigure.ConfigurationPropertiesRebinderAutoConfiguration$$EnhancerBySpringCGLIB$$cafc2445] is not eligible for getting processed by all BeanPostProcessors (for example: not eligible for auto-proxying)
2018-11-19 10:04:46.141 INFO  cn.com.bluemoon.ServiceSeckillApplication Line:593 - No active profile set, falling back to default profiles: default
2018-11-19 10:04:46.154 INFO  org.springframework.boot.context.embedded.AnnotationConfigEmbeddedWebApplicationContext Line:583 - Refreshing org.springframework.boot.context.embedded.AnnotationConfigEmbeddedWebApplicationContext@79b08632: startup date [Mon Nov 19 10:04:46 CST 2018]; parent: org.springframework.context.annotation.AnnotationConfigApplicationContext@2320fa6f
2018-11-19 10:04:46.937 INFO  org.springframework.data.repository.config.RepositoryConfigurationDelegate Line:165 - Multiple Spring Data modules found, entering strict repository configuration mode!
2018-11-19 10:04:47.147 INFO  org.springframework.cloud.context.scope.GenericScope Line:263 - BeanFactory id=cf54be34-4fbd-3ce7-8587-9d5b23036104
2018-11-19 10:04:47.165 INFO  org.springframework.beans.factory.annotation.AutowiredAnnotationBeanPostProcessor Line:155 - JSR-330 'javax.inject.Inject' annotation found and supported for autowiring
2018-11-19 10:04:47.254 INFO  org.springframework.context.support.PostProcessorRegistrationDelegate$BeanPostProcessorChecker Line:325 - Bean 'org.springframework.kafka.annotation.KafkaBootstrapConfiguration' of type [org.springframework.kafka.annotation.KafkaBootstrapConfiguration$$EnhancerBySpringCGLIB$$829432cb] is not eligible for getting processed by all BeanPostProcessors (for example: not eligible for auto-proxying)
2018-11-19 10:04:47.295 INFO  org.springframework.context.support.PostProcessorRegistrationDelegate$BeanPostProcessorChecker Line:325 - Bean 'org.springframework.cache.annotation.ProxyCachingConfiguration' of type [org.springframework.cache.annotation.ProxyCachingConfiguration$$EnhancerBySpringCGLIB$$f7f45766] is not eligible for getting processed by all BeanPostProcessors (for example: not eligible for auto-proxying)
2018-11-19 10:04:47.333 INFO  org.springframework.context.support.PostProcessorRegistrationDelegate$BeanPostProcessorChecker Line:325 - Bean 'org.springframework.transaction.annotation.ProxyTransactionManagementConfiguration' of type [org.springframework.transaction.annotation.ProxyTransactionManagementConfiguration$$EnhancerBySpringCGLIB$$aee22148] is not eligible for getting processed by all BeanPostProcessors (for example: not eligible for auto-proxying)
2018-11-19 10:04:47.363 INFO  org.springframework.context.support.PostProcessorRegistrationDelegate$BeanPostProcessorChecker Line:325 - Bean 'org.springframework.cloud.autoconfigure.ConfigurationPropertiesRebinderAutoConfiguration' of type [org.springframework.cloud.autoconfigure.ConfigurationPropertiesRebinderAutoConfiguration$$EnhancerBySpringCGLIB$$cafc2445] is not eligible for getting processed by all BeanPostProcessors (for example: not eligible for auto-proxying)
2018-11-19 10:04:47.621 INFO  org.springframework.boot.context.embedded.tomcat.TomcatEmbeddedServletContainer Line:89  - Tomcat initialized with port(s): 8080 (http)
2018-11-19 10:04:47.629 INFO  org.apache.catalina.core.StandardService Line:179 - Starting service [Tomcat]
2018-11-19 10:04:47.630 INFO  org.apache.catalina.core.StandardEngine Line:179 - Starting Servlet Engine: Apache Tomcat/8.5.15
2018-11-19 10:04:47.815 INFO  org.apache.catalina.core.ContainerBase.[Tomcat].[localhost].[/] Line:179 - Initializing Spring embedded WebApplicationContext
2018-11-19 10:04:47.816 INFO  org.springframework.web.context.ContextLoader Line:276 - Root WebApplicationContext: initialization completed in 1662 ms
2018-11-19 10:04:48.160 INFO  org.springframework.boot.web.servlet.ServletRegistrationBean Line:190 - Mapping servlet: 'dispatcherServlet' to [/]
2018-11-19 10:04:48.175 INFO  org.springframework.boot.web.servlet.FilterRegistrationBean Line:258 - Mapping filter: 'metricsFilter' to: [/*]
2018-11-19 10:04:48.176 INFO  org.springframework.boot.web.servlet.FilterRegistrationBean Line:258 - Mapping filter: 'characterEncodingFilter' to: [/*]
2018-11-19 10:04:48.177 INFO  org.springframework.boot.web.servlet.FilterRegistrationBean Line:258 - Mapping filter: 'hiddenHttpMethodFilter' to: [/*]
2018-11-19 10:04:48.177 INFO  org.springframework.boot.web.servlet.FilterRegistrationBean Line:258 - Mapping filter: 'httpPutFormContentFilter' to: [/*]
2018-11-19 10:04:48.177 INFO  org.springframework.boot.web.servlet.FilterRegistrationBean Line:258 - Mapping filter: 'requestContextFilter' to: [/*]
2018-11-19 10:04:48.178 INFO  org.springframework.boot.web.servlet.FilterRegistrationBean Line:258 - Mapping filter: 'webRequestLoggingFilter' to: [/*]
2018-11-19 10:04:48.178 INFO  org.springframework.boot.web.servlet.FilterRegistrationBean Line:258 - Mapping filter: 'applicationContextIdFilter' to: [/*]
2018-11-19 10:04:49.385 INFO  org.springframework.web.servlet.mvc.method.annotation.RequestMappingHandlerAdapter Line:534 - Looking for @ControllerAdvice: org.springframework.boot.context.embedded.AnnotationConfigEmbeddedWebApplicationContext@79b08632: startup date [Mon Nov 19 10:04:46 CST 2018]; parent: org.springframework.context.annotation.AnnotationConfigApplicationContext@2320fa6f
2018-11-19 10:04:49.484 INFO  org.springframework.web.servlet.mvc.method.annotation.RequestMappingHandlerMapping Line:543 - Mapped "{[/api/seckill/goSeckill],methods=[POST]}" onto public cn.com.bluemoon.common.response.SeckillInfoResponse cn.com.bluemoon.controller.SeckillController.goSeckill(com.alibaba.fastjson.JSONObject)
2018-11-19 10:04:49.486 INFO  org.springframework.web.servlet.mvc.method.annotation.RequestMappingHandlerMapping Line:543 - Mapped "{[/api/seckill/setStockNum],methods=[POST]}" onto public cn.com.bluemoon.common.response.BaseResponse cn.com.bluemoon.controller.SeckillController.setStockNum(com.alibaba.fastjson.JSONObject)
2018-11-19 10:04:49.486 INFO  org.springframework.web.servlet.mvc.method.annotation.RequestMappingHandlerMapping Line:543 - Mapped "{[/api/seckill/seckillPolling],methods=[POST]}" onto public cn.com.bluemoon.common.response.SeckillInfoResponse cn.com.bluemoon.controller.SeckillController.seckillPolling(com.alibaba.fastjson.JSONObject)
2018-11-19 10:04:49.488 INFO  org.springframework.web.servlet.mvc.method.annotation.RequestMappingHandlerMapping Line:543 - Mapped "{[/error]}" onto public org.springframework.http.ResponseEntity<java.util.Map<java.lang.String, java.lang.Object>> org.springframework.boot.autoconfigure.web.BasicErrorController.error(javax.servlet.http.HttpServletRequest)
2018-11-19 10:04:49.489 INFO  org.springframework.web.servlet.mvc.method.annotation.RequestMappingHandlerMapping Line:543 - Mapped "{[/error],produces=[text/html]}" onto public org.springframework.web.servlet.ModelAndView org.springframework.boot.autoconfigure.web.BasicErrorController.errorHtml(javax.servlet.http.HttpServletRequest,javax.servlet.http.HttpServletResponse)
2018-11-19 10:04:49.552 INFO  org.springframework.web.servlet.handler.SimpleUrlHandlerMapping Line:362 - Mapped URL path [/webjars/**] onto handler of type [class org.springframework.web.servlet.resource.ResourceHttpRequestHandler]
2018-11-19 10:04:49.552 INFO  org.springframework.web.servlet.handler.SimpleUrlHandlerMapping Line:362 - Mapped URL path [/**] onto handler of type [class org.springframework.web.servlet.resource.ResourceHttpRequestHandler]
2018-11-19 10:04:49.614 INFO  org.springframework.web.servlet.handler.SimpleUrlHandlerMapping Line:362 - Mapped URL path [/**/favicon.ico] onto handler of type [class org.springframework.web.servlet.resource.ResourceHttpRequestHandler]
2018-11-19 10:04:51.026 INFO  org.springframework.boot.actuate.endpoint.mvc.EndpointHandlerMapping Line:543 - Mapped "{[/env],methods=[POST]}" onto public java.lang.Object org.springframework.cloud.context.environment.EnvironmentManagerMvcEndpoint.value(java.util.Map<java.lang.String, java.lang.String>)
2018-11-19 10:04:51.027 INFO  org.springframework.boot.actuate.endpoint.mvc.EndpointHandlerMapping Line:543 - Mapped "{[/env/reset],methods=[POST]}" onto public java.util.Map<java.lang.String, java.lang.Object> org.springframework.cloud.context.environment.EnvironmentManagerMvcEndpoint.reset()
2018-11-19 10:04:51.028 INFO  org.springframework.boot.actuate.endpoint.mvc.EndpointHandlerMapping Line:543 - Mapped "{[/configprops || /configprops.json],methods=[GET],produces=[application/vnd.spring-boot.actuator.v1+json || application/json]}" onto public java.lang.Object org.springframework.boot.actuate.endpoint.mvc.EndpointMvcAdapter.invoke()
2018-11-19 10:04:51.029 INFO  org.springframework.boot.actuate.endpoint.mvc.EndpointHandlerMapping Line:543 - Mapped "{[/resume || /resume.json],methods=[POST]}" onto public java.lang.Object org.springframework.cloud.endpoint.GenericPostableMvcEndpoint.invoke()
2018-11-19 10:04:51.030 INFO  org.springframework.boot.actuate.endpoint.mvc.EndpointHandlerMapping Line:543 - Mapped "{[/beans || /beans.json],methods=[GET],produces=[application/vnd.spring-boot.actuator.v1+json || application/json]}" onto public java.lang.Object org.springframework.boot.actuate.endpoint.mvc.EndpointMvcAdapter.invoke()
2018-11-19 10:04:51.031 INFO  org.springframework.boot.actuate.endpoint.mvc.EndpointHandlerMapping Line:543 - Mapped "{[/health || /health.json],methods=[GET],produces=[application/vnd.spring-boot.actuator.v1+json || application/json]}" onto public java.lang.Object org.springframework.boot.actuate.endpoint.mvc.HealthMvcEndpoint.invoke(javax.servlet.http.HttpServletRequest,java.security.Principal)
2018-11-19 10:04:51.031 INFO  org.springframework.boot.actuate.endpoint.mvc.EndpointHandlerMapping Line:543 - Mapped "{[/refresh || /refresh.json],methods=[POST]}" onto public java.lang.Object org.springframework.cloud.endpoint.GenericPostableMvcEndpoint.invoke()
2018-11-19 10:04:51.033 INFO  org.springframework.boot.actuate.endpoint.mvc.EndpointHandlerMapping Line:543 - Mapped "{[/pause || /pause.json],methods=[POST]}" onto public java.lang.Object org.springframework.cloud.endpoint.GenericPostableMvcEndpoint.invoke()
2018-11-19 10:04:51.033 INFO  org.springframework.boot.actuate.endpoint.mvc.EndpointHandlerMapping Line:543 - Mapped "{[/trace || /trace.json],methods=[GET],produces=[application/vnd.spring-boot.actuator.v1+json || application/json]}" onto public java.lang.Object org.springframework.boot.actuate.endpoint.mvc.EndpointMvcAdapter.invoke()
2018-11-19 10:04:51.034 INFO  org.springframework.boot.actuate.endpoint.mvc.EndpointHandlerMapping Line:543 - Mapped "{[/autoconfig || /autoconfig.json],methods=[GET],produces=[application/vnd.spring-boot.actuator.v1+json || application/json]}" onto public java.lang.Object org.springframework.boot.actuate.endpoint.mvc.EndpointMvcAdapter.invoke()
2018-11-19 10:04:51.035 INFO  org.springframework.boot.actuate.endpoint.mvc.EndpointHandlerMapping Line:543 - Mapped "{[/mappings || /mappings.json],methods=[GET],produces=[application/vnd.spring-boot.actuator.v1+json || application/json]}" onto public java.lang.Object org.springframework.boot.actuate.endpoint.mvc.EndpointMvcAdapter.invoke()
2018-11-19 10:04:51.036 INFO  org.springframework.boot.actuate.endpoint.mvc.EndpointHandlerMapping Line:543 - Mapped "{[/restart || /restart.json],methods=[POST]}" onto public java.lang.Object org.springframework.cloud.context.restart.RestartMvcEndpoint.invoke()
2018-11-19 10:04:51.036 INFO  org.springframework.boot.actuate.endpoint.mvc.EndpointHandlerMapping Line:543 - Mapped "{[/env/{name:.*}],methods=[GET],produces=[application/vnd.spring-boot.actuator.v1+json || application/json]}" onto public java.lang.Object org.springframework.boot.actuate.endpoint.mvc.EnvironmentMvcEndpoint.value(java.lang.String)
2018-11-19 10:04:51.037 INFO  org.springframework.boot.actuate.endpoint.mvc.EndpointHandlerMapping Line:543 - Mapped "{[/env || /env.json],methods=[GET],produces=[application/vnd.spring-boot.actuator.v1+json || application/json]}" onto public java.lang.Object org.springframework.boot.actuate.endpoint.mvc.EndpointMvcAdapter.invoke()
2018-11-19 10:04:51.038 INFO  org.springframework.boot.actuate.endpoint.mvc.EndpointHandlerMapping Line:543 - Mapped "{[/heapdump || /heapdump.json],methods=[GET],produces=[application/octet-stream]}" onto public void org.springframework.boot.actuate.endpoint.mvc.HeapdumpMvcEndpoint.invoke(boolean,javax.servlet.http.HttpServletRequest,javax.servlet.http.HttpServletResponse) throws java.io.IOException,javax.servlet.ServletException
2018-11-19 10:04:51.038 INFO  org.springframework.boot.actuate.endpoint.mvc.EndpointHandlerMapping Line:543 - Mapped "{[/features || /features.json],methods=[GET],produces=[application/vnd.spring-boot.actuator.v1+json || application/json]}" onto public java.lang.Object org.springframework.boot.actuate.endpoint.mvc.EndpointMvcAdapter.invoke()
2018-11-19 10:04:51.040 INFO  org.springframework.boot.actuate.endpoint.mvc.EndpointHandlerMapping Line:543 - Mapped "{[/loggers/{name:.*}],methods=[GET],produces=[application/vnd.spring-boot.actuator.v1+json || application/json]}" onto public java.lang.Object org.springframework.boot.actuate.endpoint.mvc.LoggersMvcEndpoint.get(java.lang.String)
2018-11-19 10:04:51.040 INFO  org.springframework.boot.actuate.endpoint.mvc.EndpointHandlerMapping Line:543 - Mapped "{[/loggers/{name:.*}],methods=[POST],consumes=[application/vnd.spring-boot.actuator.v1+json || application/json],produces=[application/vnd.spring-boot.actuator.v1+json || application/json]}" onto public java.lang.Object org.springframework.boot.actuate.endpoint.mvc.LoggersMvcEndpoint.set(java.lang.String,java.util.Map<java.lang.String, java.lang.String>)
2018-11-19 10:04:51.041 INFO  org.springframework.boot.actuate.endpoint.mvc.EndpointHandlerMapping Line:543 - Mapped "{[/loggers || /loggers.json],methods=[GET],produces=[application/vnd.spring-boot.actuator.v1+json || application/json]}" onto public java.lang.Object org.springframework.boot.actuate.endpoint.mvc.EndpointMvcAdapter.invoke()
2018-11-19 10:04:51.041 INFO  org.springframework.boot.actuate.endpoint.mvc.EndpointHandlerMapping Line:543 - Mapped "{[/info || /info.json],methods=[GET],produces=[application/vnd.spring-boot.actuator.v1+json || application/json]}" onto public java.lang.Object org.springframework.boot.actuate.endpoint.mvc.EndpointMvcAdapter.invoke()
2018-11-19 10:04:51.042 INFO  org.springframework.boot.actuate.endpoint.mvc.EndpointHandlerMapping Line:543 - Mapped "{[/dump || /dump.json],methods=[GET],produces=[application/vnd.spring-boot.actuator.v1+json || application/json]}" onto public java.lang.Object org.springframework.boot.actuate.endpoint.mvc.EndpointMvcAdapter.invoke()
2018-11-19 10:04:51.042 INFO  org.springframework.boot.actuate.endpoint.mvc.EndpointHandlerMapping Line:543 - Mapped "{[/archaius || /archaius.json],methods=[GET],produces=[application/vnd.spring-boot.actuator.v1+json || application/json]}" onto public java.lang.Object org.springframework.boot.actuate.endpoint.mvc.EndpointMvcAdapter.invoke()
2018-11-19 10:04:51.043 INFO  org.springframework.boot.actuate.endpoint.mvc.EndpointHandlerMapping Line:543 - Mapped "{[/auditevents || /auditevents.json],methods=[GET],produces=[application/vnd.spring-boot.actuator.v1+json || application/json]}" onto public org.springframework.http.ResponseEntity<?> org.springframework.boot.actuate.endpoint.mvc.AuditEventsMvcEndpoint.findByPrincipalAndAfterAndType(java.lang.String,java.util.Date,java.lang.String)
2018-11-19 10:04:51.044 INFO  org.springframework.boot.actuate.endpoint.mvc.EndpointHandlerMapping Line:543 - Mapped "{[/metrics/{name:.*}],methods=[GET],produces=[application/vnd.spring-boot.actuator.v1+json || application/json]}" onto public java.lang.Object org.springframework.boot.actuate.endpoint.mvc.MetricsMvcEndpoint.value(java.lang.String)
2018-11-19 10:04:51.044 INFO  org.springframework.boot.actuate.endpoint.mvc.EndpointHandlerMapping Line:543 - Mapped "{[/metrics || /metrics.json],methods=[GET],produces=[application/vnd.spring-boot.actuator.v1+json || application/json]}" onto public java.lang.Object org.springframework.boot.actuate.endpoint.mvc.EndpointMvcAdapter.invoke()
2018-11-19 10:04:51.398 INFO  com.netflix.config.sources.URLConfigurationSource Line:122 - To enable URLs as dynamic configuration sources, define System property archaius.configurationSource.additionalUrls or make config.properties available on classpath.
2018-11-19 10:04:51.402 INFO  com.netflix.config.sources.URLConfigurationSource Line:122 - To enable URLs as dynamic configuration sources, define System property archaius.configurationSource.additionalUrls or make config.properties available on classpath.
2018-11-19 10:04:51.648 INFO  org.springframework.jmx.export.annotation.AnnotationMBeanExporter Line:431 - Registering beans for JMX exposure on startup
2018-11-19 10:04:51.649 INFO  org.springframework.jmx.export.annotation.AnnotationMBeanExporter Line:916 - Bean with name 'writeDataSource' has been autodetected for JMX exposure
2018-11-19 10:04:51.650 INFO  org.springframework.jmx.export.annotation.AnnotationMBeanExporter Line:916 - Bean with name 'readDataSource' has been autodetected for JMX exposure
2018-11-19 10:04:51.657 INFO  org.springframework.jmx.export.annotation.AnnotationMBeanExporter Line:916 - Bean with name 'refreshScope' has been autodetected for JMX exposure
2018-11-19 10:04:51.657 INFO  org.springframework.jmx.export.annotation.AnnotationMBeanExporter Line:916 - Bean with name 'environmentManager' has been autodetected for JMX exposure
2018-11-19 10:04:51.660 INFO  org.springframework.jmx.export.annotation.AnnotationMBeanExporter Line:916 - Bean with name 'configurationPropertiesRebinder' has been autodetected for JMX exposure
2018-11-19 10:04:51.661 INFO  org.springframework.jmx.export.annotation.AnnotationMBeanExporter Line:916 - Bean with name 'refreshEndpoint' has been autodetected for JMX exposure
2018-11-19 10:04:51.661 INFO  org.springframework.jmx.export.annotation.AnnotationMBeanExporter Line:916 - Bean with name 'restartEndpoint' has been autodetected for JMX exposure
2018-11-19 10:04:51.663 INFO  org.springframework.jmx.export.annotation.AnnotationMBeanExporter Line:678 - Located managed bean 'environmentManager': registering with JMX server as MBean [org.springframework.cloud.context.environment:name=environmentManager,type=EnvironmentManager]
2018-11-19 10:04:51.674 INFO  org.springframework.jmx.export.annotation.AnnotationMBeanExporter Line:678 - Located managed bean 'restartEndpoint': registering with JMX server as MBean [org.springframework.cloud.context.restart:name=restartEndpoint,type=RestartEndpoint]
2018-11-19 10:04:51.683 INFO  org.springframework.jmx.export.annotation.AnnotationMBeanExporter Line:671 - Located MBean 'writeDataSource': registering with JMX server as MBean [com.alibaba.druid.pool:name=writeDataSource,type=DruidDataSource]
2018-11-19 10:04:51.685 INFO  org.springframework.jmx.export.annotation.AnnotationMBeanExporter Line:678 - Located managed bean 'refreshScope': registering with JMX server as MBean [org.springframework.cloud.context.scope.refresh:name=refreshScope,type=RefreshScope]
2018-11-19 10:04:51.697 INFO  org.springframework.jmx.export.annotation.AnnotationMBeanExporter Line:678 - Located managed bean 'configurationPropertiesRebinder': registering with JMX server as MBean [org.springframework.cloud.context.properties:name=configurationPropertiesRebinder,context=79b08632,type=ConfigurationPropertiesRebinder]
2018-11-19 10:04:51.701 INFO  org.springframework.jmx.export.annotation.AnnotationMBeanExporter Line:678 - Located managed bean 'refreshEndpoint': registering with JMX server as MBean [org.springframework.cloud.endpoint:name=refreshEndpoint,type=RefreshEndpoint]
2018-11-19 10:04:51.703 INFO  org.springframework.jmx.export.annotation.AnnotationMBeanExporter Line:671 - Located MBean 'readDataSource': registering with JMX server as MBean [com.alibaba.druid.pool:name=readDataSource,type=DruidDataSource]
2018-11-19 10:04:52.356 INFO  org.springframework.context.support.DefaultLifecycleProcessor Line:343 - Starting beans in phase 0
2018-11-19 10:04:52.387 INFO  org.springframework.context.support.DefaultLifecycleProcessor Line:343 - Starting beans in phase 2147483547
2018-11-19 10:04:52.438 INFO  org.springframework.scheduling.concurrent.ThreadPoolTaskScheduler Line:165 - Initializing ExecutorService 
2018-11-19 10:04:52.519 INFO  org.springframework.boot.context.embedded.tomcat.TomcatEmbeddedServletContainer Line:201 - Tomcat started on port(s): 8080 (http)
2018-11-19 10:04:52.524 INFO  cn.com.bluemoon.ServiceSeckillApplication Line:57  - Started ServiceSeckillApplication in 8.448 seconds (JVM running for 9.666)
2018-11-19 10:04:52.584 INFO  org.springframework.kafka.listener.KafkaMessageListenerContainer Line:273 - partitions revoked:[]
2018-11-19 10:04:52.834 INFO  org.springframework.kafka.listener.KafkaMessageListenerContainer Line:278 - partitions assigned:[]
2018-11-19 10:04:53.175 INFO  org.springframework.kafka.listener.KafkaMessageListenerContainer Line:273 - partitions revoked:[]
2018-11-19 10:04:53.254 INFO  org.springframework.kafka.listener.KafkaMessageListenerContainer Line:278 - partitions assigned:[demo_seckill-9, demo_seckill-10, demo_seckill-11, demo_seckill-5, demo_seckill-6, demo_seckill-7, demo_seckill-8, demo_seckill-1, demo_seckill-2, demo_seckill-3, demo_seckill-4, demo_seckill-0]
2018-11-19 10:05:32.331 INFO  org.apache.tomcat.util.http.parser.Cookie Line:179 - A cookie header was received [1541465582,1541551937,1541642146] that contained an invalid cookie. That cookie will be ignored.Note: further occurrences of this error will be logged at DEBUG level.
2018-11-19 10:05:32.343 INFO  org.apache.catalina.core.ContainerBase.[Tomcat].[localhost].[/] Line:179 - Initializing Spring FrameworkServlet 'dispatcherServlet'
2018-11-19 10:05:32.344 INFO  org.springframework.web.servlet.DispatcherServlet Line:489 - FrameworkServlet 'dispatcherServlet': initialization started
2018-11-19 10:05:32.375 INFO  org.springframework.web.servlet.DispatcherServlet Line:508 - FrameworkServlet 'dispatcherServlet': initialization completed in 31 ms
2018-11-19 10:09:31.326 INFO  org.springframework.boot.admin.SpringApplicationAdminMXBeanRegistrar$SpringApplicationAdmin Line:125 - Application shutdown requested.
2018-11-19 10:09:31.327 INFO  org.springframework.boot.context.embedded.AnnotationConfigEmbeddedWebApplicationContext Line:984 - Closing org.springframework.boot.context.embedded.AnnotationConfigEmbeddedWebApplicationContext@79b08632: startup date [Mon Nov 19 10:04:46 CST 2018]; parent: org.springframework.context.annotation.AnnotationConfigApplicationContext@2320fa6f
2018-11-19 10:09:31.329 INFO  org.springframework.context.support.DefaultLifecycleProcessor Line:358 - Stopping beans in phase 2147483547
2018-11-19 10:09:31.335 INFO  org.springframework.scheduling.concurrent.ThreadPoolTaskScheduler Line:203 - Shutting down ExecutorService
2018-11-19 10:09:31.352 INFO  org.springframework.kafka.listener.KafkaMessageListenerContainer$ListenerConsumer Line:693 - Consumer stopped
2018-11-19 10:09:31.353 INFO  org.springframework.context.support.DefaultLifecycleProcessor Line:358 - Stopping beans in phase 0
2018-11-19 10:09:31.357 INFO  org.springframework.jmx.export.annotation.AnnotationMBeanExporter Line:449 - Unregistering JMX-exposed beans on shutdown
2018-11-19 10:09:31.357 INFO  org.springframework.jmx.export.annotation.AnnotationMBeanExporter Line:241 - Unregistering JMX-exposed beans
2018-11-19 10:09:31.676 INFO  org.apache.catalina.core.StandardService Line:179 - Stopping service [Tomcat]
2018-11-19 10:09:31.686 INFO  org.apache.catalina.core.ContainerBase.[Tomcat].[localhost].[/] Line:179 - Destroying Spring FrameworkServlet 'dispatcherServlet'
2018-11-19 10:09:40.831 INFO  org.springframework.context.annotation.AnnotationConfigApplicationContext Line:583 - Refreshing org.springframework.context.annotation.AnnotationConfigApplicationContext@2320fa6f: startup date [Mon Nov 19 10:09:40 CST 2018]; root of context hierarchy
2018-11-19 10:09:41.021 INFO  org.springframework.beans.factory.annotation.AutowiredAnnotationBeanPostProcessor Line:155 - JSR-330 'javax.inject.Inject' annotation found and supported for autowiring
2018-11-19 10:09:41.057 INFO  org.springframework.context.support.PostProcessorRegistrationDelegate$BeanPostProcessorChecker Line:325 - Bean 'configurationPropertiesRebinderAutoConfiguration' of type [org.springframework.cloud.autoconfigure.ConfigurationPropertiesRebinderAutoConfiguration$$EnhancerBySpringCGLIB$$c37e5147] is not eligible for getting processed by all BeanPostProcessors (for example: not eligible for auto-proxying)
2018-11-19 10:09:41.958 INFO  cn.com.bluemoon.ServiceSeckillApplication Line:593 - No active profile set, falling back to default profiles: default
2018-11-19 10:09:41.971 INFO  org.springframework.boot.context.embedded.AnnotationConfigEmbeddedWebApplicationContext Line:583 - Refreshing org.springframework.boot.context.embedded.AnnotationConfigEmbeddedWebApplicationContext@6aef4eb8: startup date [Mon Nov 19 10:09:41 CST 2018]; parent: org.springframework.context.annotation.AnnotationConfigApplicationContext@2320fa6f
2018-11-19 10:09:43.001 INFO  org.springframework.data.repository.config.RepositoryConfigurationDelegate Line:165 - Multiple Spring Data modules found, entering strict repository configuration mode!
2018-11-19 10:09:43.218 INFO  org.springframework.cloud.context.scope.GenericScope Line:263 - BeanFactory id=b965d077-e169-3d06-96d1-d65d32528355
2018-11-19 10:09:43.238 INFO  org.springframework.beans.factory.annotation.AutowiredAnnotationBeanPostProcessor Line:155 - JSR-330 'javax.inject.Inject' annotation found and supported for autowiring
2018-11-19 10:09:43.349 INFO  org.springframework.context.support.PostProcessorRegistrationDelegate$BeanPostProcessorChecker Line:325 - Bean 'org.springframework.kafka.annotation.KafkaBootstrapConfiguration' of type [org.springframework.kafka.annotation.KafkaBootstrapConfiguration$$EnhancerBySpringCGLIB$$7b165fcd] is not eligible for getting processed by all BeanPostProcessors (for example: not eligible for auto-proxying)
2018-11-19 10:09:43.391 INFO  org.springframework.context.support.PostProcessorRegistrationDelegate$BeanPostProcessorChecker Line:325 - Bean 'org.springframework.cache.annotation.ProxyCachingConfiguration' of type [org.springframework.cache.annotation.ProxyCachingConfiguration$$EnhancerBySpringCGLIB$$f0768468] is not eligible for getting processed by all BeanPostProcessors (for example: not eligible for auto-proxying)
2018-11-19 10:09:43.429 INFO  org.springframework.context.support.PostProcessorRegistrationDelegate$BeanPostProcessorChecker Line:325 - Bean 'org.springframework.transaction.annotation.ProxyTransactionManagementConfiguration' of type [org.springframework.transaction.annotation.ProxyTransactionManagementConfiguration$$EnhancerBySpringCGLIB$$a7644e4a] is not eligible for getting processed by all BeanPostProcessors (for example: not eligible for auto-proxying)
2018-11-19 10:09:43.468 INFO  org.springframework.context.support.PostProcessorRegistrationDelegate$BeanPostProcessorChecker Line:325 - Bean 'org.springframework.cloud.autoconfigure.ConfigurationPropertiesRebinderAutoConfiguration' of type [org.springframework.cloud.autoconfigure.ConfigurationPropertiesRebinderAutoConfiguration$$EnhancerBySpringCGLIB$$c37e5147] is not eligible for getting processed by all BeanPostProcessors (for example: not eligible for auto-proxying)
2018-11-19 10:09:43.747 INFO  org.springframework.boot.context.embedded.tomcat.TomcatEmbeddedServletContainer Line:89  - Tomcat initialized with port(s): 8080 (http)
2018-11-19 10:09:43.755 INFO  org.apache.catalina.core.StandardService Line:179 - Starting service [Tomcat]
2018-11-19 10:09:43.756 INFO  org.apache.catalina.core.StandardEngine Line:179 - Starting Servlet Engine: Apache Tomcat/8.5.15
2018-11-19 10:09:43.951 INFO  org.apache.catalina.core.ContainerBase.[Tomcat].[localhost].[/] Line:179 - Initializing Spring embedded WebApplicationContext
2018-11-19 10:09:43.952 INFO  org.springframework.web.context.ContextLoader Line:276 - Root WebApplicationContext: initialization completed in 1981 ms
2018-11-19 10:09:44.320 INFO  org.springframework.boot.web.servlet.ServletRegistrationBean Line:190 - Mapping servlet: 'dispatcherServlet' to [/]
2018-11-19 10:09:44.324 INFO  org.springframework.boot.web.servlet.FilterRegistrationBean Line:258 - Mapping filter: 'metricsFilter' to: [/*]
2018-11-19 10:09:44.325 INFO  org.springframework.boot.web.servlet.FilterRegistrationBean Line:258 - Mapping filter: 'characterEncodingFilter' to: [/*]
2018-11-19 10:09:44.326 INFO  org.springframework.boot.web.servlet.FilterRegistrationBean Line:258 - Mapping filter: 'hiddenHttpMethodFilter' to: [/*]
2018-11-19 10:09:44.326 INFO  org.springframework.boot.web.servlet.FilterRegistrationBean Line:258 - Mapping filter: 'httpPutFormContentFilter' to: [/*]
2018-11-19 10:09:44.326 INFO  org.springframework.boot.web.servlet.FilterRegistrationBean Line:258 - Mapping filter: 'requestContextFilter' to: [/*]
2018-11-19 10:09:44.327 INFO  org.springframework.boot.web.servlet.FilterRegistrationBean Line:258 - Mapping filter: 'webRequestLoggingFilter' to: [/*]
2018-11-19 10:09:44.327 INFO  org.springframework.boot.web.servlet.FilterRegistrationBean Line:258 - Mapping filter: 'applicationContextIdFilter' to: [/*]
2018-11-19 10:09:45.120 INFO  org.springframework.web.servlet.mvc.method.annotation.RequestMappingHandlerMapping Line:543 - Mapped "{[/api/seckill/setStockNum],methods=[POST]}" onto public cn.com.bluemoon.common.response.BaseResponse cn.com.bluemoon.controller.SeckillController.setStockNum(com.alibaba.fastjson.JSONObject)
2018-11-19 10:09:45.122 INFO  org.springframework.web.servlet.mvc.method.annotation.RequestMappingHandlerMapping Line:543 - Mapped "{[/api/seckill/seckillPolling],methods=[POST]}" onto public cn.com.bluemoon.common.response.SeckillInfoResponse cn.com.bluemoon.controller.SeckillController.seckillPolling(com.alibaba.fastjson.JSONObject)
2018-11-19 10:09:45.123 INFO  org.springframework.web.servlet.mvc.method.annotation.RequestMappingHandlerMapping Line:543 - Mapped "{[/api/seckill/goSeckill],methods=[POST]}" onto public cn.com.bluemoon.common.response.SeckillInfoResponse cn.com.bluemoon.controller.SeckillController.goSeckill(com.alibaba.fastjson.JSONObject)
2018-11-19 10:09:45.125 INFO  org.springframework.web.servlet.mvc.method.annotation.RequestMappingHandlerMapping Line:543 - Mapped "{[/swagger-resources]}" onto public org.springframework.http.ResponseEntity<java.util.List<springfox.documentation.swagger.web.SwaggerResource>> springfox.documentation.swagger.web.ApiResourceController.swaggerResources()
2018-11-19 10:09:45.126 INFO  org.springframework.web.servlet.mvc.method.annotation.RequestMappingHandlerMapping Line:543 - Mapped "{[/swagger-resources/configuration/ui]}" onto public org.springframework.http.ResponseEntity<springfox.documentation.swagger.web.UiConfiguration> springfox.documentation.swagger.web.ApiResourceController.uiConfiguration()
2018-11-19 10:09:45.126 INFO  org.springframework.web.servlet.mvc.method.annotation.RequestMappingHandlerMapping Line:543 - Mapped "{[/swagger-resources/configuration/security]}" onto public org.springframework.http.ResponseEntity<springfox.documentation.swagger.web.SecurityConfiguration> springfox.documentation.swagger.web.ApiResourceController.securityConfiguration()
2018-11-19 10:09:45.128 INFO  org.springframework.web.servlet.mvc.method.annotation.RequestMappingHandlerMapping Line:543 - Mapped "{[/error]}" onto public org.springframework.http.ResponseEntity<java.util.Map<java.lang.String, java.lang.Object>> org.springframework.boot.autoconfigure.web.BasicErrorController.error(javax.servlet.http.HttpServletRequest)
2018-11-19 10:09:45.129 INFO  org.springframework.web.servlet.mvc.method.annotation.RequestMappingHandlerMapping Line:543 - Mapped "{[/error],produces=[text/html]}" onto public org.springframework.web.servlet.ModelAndView org.springframework.boot.autoconfigure.web.BasicErrorController.errorHtml(javax.servlet.http.HttpServletRequest,javax.servlet.http.HttpServletResponse)
2018-11-19 10:09:46.742 INFO  org.springframework.boot.actuate.endpoint.mvc.EndpointHandlerMapping Line:543 - Mapped "{[/env/{name:.*}],methods=[GET],produces=[application/vnd.spring-boot.actuator.v1+json || application/json]}" onto public java.lang.Object org.springframework.boot.actuate.endpoint.mvc.EnvironmentMvcEndpoint.value(java.lang.String)
2018-11-19 10:09:46.743 INFO  org.springframework.boot.actuate.endpoint.mvc.EndpointHandlerMapping Line:543 - Mapped "{[/env || /env.json],methods=[GET],produces=[application/vnd.spring-boot.actuator.v1+json || application/json]}" onto public java.lang.Object org.springframework.boot.actuate.endpoint.mvc.EndpointMvcAdapter.invoke()
2018-11-19 10:09:46.744 INFO  org.springframework.boot.actuate.endpoint.mvc.EndpointHandlerMapping Line:543 - Mapped "{[/info || /info.json],methods=[GET],produces=[application/vnd.spring-boot.actuator.v1+json || application/json]}" onto public java.lang.Object org.springframework.boot.actuate.endpoint.mvc.EndpointMvcAdapter.invoke()
2018-11-19 10:09:46.745 INFO  org.springframework.boot.actuate.endpoint.mvc.EndpointHandlerMapping Line:543 - Mapped "{[/dump || /dump.json],methods=[GET],produces=[application/vnd.spring-boot.actuator.v1+json || application/json]}" onto public java.lang.Object org.springframework.boot.actuate.endpoint.mvc.EndpointMvcAdapter.invoke()
2018-11-19 10:09:46.746 INFO  org.springframework.boot.actuate.endpoint.mvc.EndpointHandlerMapping Line:543 - Mapped "{[/archaius || /archaius.json],methods=[GET],produces=[application/vnd.spring-boot.actuator.v1+json || application/json]}" onto public java.lang.Object org.springframework.boot.actuate.endpoint.mvc.EndpointMvcAdapter.invoke()
2018-11-19 10:09:46.747 INFO  org.springframework.boot.actuate.endpoint.mvc.EndpointHandlerMapping Line:543 - Mapped "{[/configprops || /configprops.json],methods=[GET],produces=[application/vnd.spring-boot.actuator.v1+json || application/json]}" onto public java.lang.Object org.springframework.boot.actuate.endpoint.mvc.EndpointMvcAdapter.invoke()
2018-11-19 10:09:46.748 INFO  org.springframework.boot.actuate.endpoint.mvc.EndpointHandlerMapping Line:543 - Mapped "{[/beans || /beans.json],methods=[GET],produces=[application/vnd.spring-boot.actuator.v1+json || application/json]}" onto public java.lang.Object org.springframework.boot.actuate.endpoint.mvc.EndpointMvcAdapter.invoke()
2018-11-19 10:09:46.748 INFO  org.springframework.boot.actuate.endpoint.mvc.EndpointHandlerMapping Line:543 - Mapped "{[/env],methods=[POST]}" onto public java.lang.Object org.springframework.cloud.context.environment.EnvironmentManagerMvcEndpoint.value(java.util.Map<java.lang.String, java.lang.String>)
2018-11-19 10:09:46.749 INFO  org.springframework.boot.actuate.endpoint.mvc.EndpointHandlerMapping Line:543 - Mapped "{[/env/reset],methods=[POST]}" onto public java.util.Map<java.lang.String, java.lang.Object> org.springframework.cloud.context.environment.EnvironmentManagerMvcEndpoint.reset()
2018-11-19 10:09:46.749 INFO  org.springframework.boot.actuate.endpoint.mvc.EndpointHandlerMapping Line:543 - Mapped "{[/autoconfig || /autoconfig.json],methods=[GET],produces=[application/vnd.spring-boot.actuator.v1+json || application/json]}" onto public java.lang.Object org.springframework.boot.actuate.endpoint.mvc.EndpointMvcAdapter.invoke()
2018-11-19 10:09:46.750 INFO  org.springframework.boot.actuate.endpoint.mvc.EndpointHandlerMapping Line:543 - Mapped "{[/mappings || /mappings.json],methods=[GET],produces=[application/vnd.spring-boot.actuator.v1+json || application/json]}" onto public java.lang.Object org.springframework.boot.actuate.endpoint.mvc.EndpointMvcAdapter.invoke()
2018-11-19 10:09:46.751 INFO  org.springframework.boot.actuate.endpoint.mvc.EndpointHandlerMapping Line:543 - Mapped "{[/trace || /trace.json],methods=[GET],produces=[application/vnd.spring-boot.actuator.v1+json || application/json]}" onto public java.lang.Object org.springframework.boot.actuate.endpoint.mvc.EndpointMvcAdapter.invoke()
2018-11-19 10:09:46.752 INFO  org.springframework.boot.actuate.endpoint.mvc.EndpointHandlerMapping Line:543 - Mapped "{[/heapdump || /heapdump.json],methods=[GET],produces=[application/octet-stream]}" onto public void org.springframework.boot.actuate.endpoint.mvc.HeapdumpMvcEndpoint.invoke(boolean,javax.servlet.http.HttpServletRequest,javax.servlet.http.HttpServletResponse) throws java.io.IOException,javax.servlet.ServletException
2018-11-19 10:09:46.753 INFO  org.springframework.boot.actuate.endpoint.mvc.EndpointHandlerMapping Line:543 - Mapped "{[/metrics/{name:.*}],methods=[GET],produces=[application/vnd.spring-boot.actuator.v1+json || application/json]}" onto public java.lang.Object org.springframework.boot.actuate.endpoint.mvc.MetricsMvcEndpoint.value(java.lang.String)
2018-11-19 10:09:46.753 INFO  org.springframework.boot.actuate.endpoint.mvc.EndpointHandlerMapping Line:543 - Mapped "{[/metrics || /metrics.json],methods=[GET],produces=[application/vnd.spring-boot.actuator.v1+json || application/json]}" onto public java.lang.Object org.springframework.boot.actuate.endpoint.mvc.EndpointMvcAdapter.invoke()
2018-11-19 10:09:46.754 INFO  org.springframework.boot.actuate.endpoint.mvc.EndpointHandlerMapping Line:543 - Mapped "{[/loggers/{name:.*}],methods=[GET],produces=[application/vnd.spring-boot.actuator.v1+json || application/json]}" onto public java.lang.Object org.springframework.boot.actuate.endpoint.mvc.LoggersMvcEndpoint.get(java.lang.String)
2018-11-19 10:09:46.754 INFO  org.springframework.boot.actuate.endpoint.mvc.EndpointHandlerMapping Line:543 - Mapped "{[/loggers/{name:.*}],methods=[POST],consumes=[application/vnd.spring-boot.actuator.v1+json || application/json],produces=[application/vnd.spring-boot.actuator.v1+json || application/json]}" onto public java.lang.Object org.springframework.boot.actuate.endpoint.mvc.LoggersMvcEndpoint.set(java.lang.String,java.util.Map<java.lang.String, java.lang.String>)
2018-11-19 10:09:46.755 INFO  org.springframework.boot.actuate.endpoint.mvc.EndpointHandlerMapping Line:543 - Mapped "{[/loggers || /loggers.json],methods=[GET],produces=[application/vnd.spring-boot.actuator.v1+json || application/json]}" onto public java.lang.Object org.springframework.boot.actuate.endpoint.mvc.EndpointMvcAdapter.invoke()
2018-11-19 10:09:46.755 INFO  org.springframework.boot.actuate.endpoint.mvc.EndpointHandlerMapping Line:543 - Mapped "{[/refresh || /refresh.json],methods=[POST]}" onto public java.lang.Object org.springframework.cloud.endpoint.GenericPostableMvcEndpoint.invoke()
2018-11-19 10:09:46.756 INFO  org.springframework.boot.actuate.endpoint.mvc.EndpointHandlerMapping Line:543 - Mapped "{[/auditevents || /auditevents.json],methods=[GET],produces=[application/vnd.spring-boot.actuator.v1+json || application/json]}" onto public org.springframework.http.ResponseEntity<?> org.springframework.boot.actuate.endpoint.mvc.AuditEventsMvcEndpoint.findByPrincipalAndAfterAndType(java.lang.String,java.util.Date,java.lang.String)
2018-11-19 10:09:46.757 INFO  org.springframework.boot.actuate.endpoint.mvc.EndpointHandlerMapping Line:543 - Mapped "{[/restart || /restart.json],methods=[POST]}" onto public java.lang.Object org.springframework.cloud.context.restart.RestartMvcEndpoint.invoke()
2018-11-19 10:09:46.758 INFO  org.springframework.boot.actuate.endpoint.mvc.EndpointHandlerMapping Line:543 - Mapped "{[/health || /health.json],methods=[GET],produces=[application/vnd.spring-boot.actuator.v1+json || application/json]}" onto public java.lang.Object org.springframework.boot.actuate.endpoint.mvc.HealthMvcEndpoint.invoke(javax.servlet.http.HttpServletRequest,java.security.Principal)
2018-11-19 10:09:46.759 INFO  org.springframework.boot.actuate.endpoint.mvc.EndpointHandlerMapping Line:543 - Mapped "{[/pause || /pause.json],methods=[POST]}" onto public java.lang.Object org.springframework.cloud.endpoint.GenericPostableMvcEndpoint.invoke()
2018-11-19 10:09:46.759 INFO  org.springframework.boot.actuate.endpoint.mvc.EndpointHandlerMapping Line:543 - Mapped "{[/resume || /resume.json],methods=[POST]}" onto public java.lang.Object org.springframework.cloud.endpoint.GenericPostableMvcEndpoint.invoke()
2018-11-19 10:09:46.760 INFO  org.springframework.boot.actuate.endpoint.mvc.EndpointHandlerMapping Line:543 - Mapped "{[/features || /features.json],methods=[GET],produces=[application/vnd.spring-boot.actuator.v1+json || application/json]}" onto public java.lang.Object org.springframework.boot.actuate.endpoint.mvc.EndpointMvcAdapter.invoke()
2018-11-19 10:09:47.043 INFO  springfox.documentation.spring.web.PropertySourcedRequestMappingHandlerMapping Line:69  - Mapped URL path [/v2/api-docs] onto method [public org.springframework.http.ResponseEntity<springfox.documentation.spring.web.json.Json> springfox.documentation.swagger2.web.Swagger2Controller.getDocumentation(java.lang.String,javax.servlet.http.HttpServletRequest)]
2018-11-19 10:09:47.365 INFO  org.springframework.web.servlet.mvc.method.annotation.RequestMappingHandlerAdapter Line:534 - Looking for @ControllerAdvice: org.springframework.boot.context.embedded.AnnotationConfigEmbeddedWebApplicationContext@6aef4eb8: startup date [Mon Nov 19 10:09:41 CST 2018]; parent: org.springframework.context.annotation.AnnotationConfigApplicationContext@2320fa6f
2018-11-19 10:09:47.446 INFO  org.springframework.web.servlet.handler.SimpleUrlHandlerMapping Line:362 - Mapped URL path [/webjars/**] onto handler of type [class org.springframework.web.servlet.resource.ResourceHttpRequestHandler]
2018-11-19 10:09:47.447 INFO  org.springframework.web.servlet.handler.SimpleUrlHandlerMapping Line:362 - Mapped URL path [/**] onto handler of type [class org.springframework.web.servlet.resource.ResourceHttpRequestHandler]
2018-11-19 10:09:47.530 INFO  org.springframework.web.servlet.handler.SimpleUrlHandlerMapping Line:362 - Mapped URL path [/**/favicon.ico] onto handler of type [class org.springframework.web.servlet.resource.ResourceHttpRequestHandler]
2018-11-19 10:09:48.212 INFO  com.netflix.config.sources.URLConfigurationSource Line:122 - To enable URLs as dynamic configuration sources, define System property archaius.configurationSource.additionalUrls or make config.properties available on classpath.
2018-11-19 10:09:48.217 INFO  com.netflix.config.sources.URLConfigurationSource Line:122 - To enable URLs as dynamic configuration sources, define System property archaius.configurationSource.additionalUrls or make config.properties available on classpath.
2018-11-19 10:09:48.476 INFO  org.springframework.jmx.export.annotation.AnnotationMBeanExporter Line:431 - Registering beans for JMX exposure on startup
2018-11-19 10:09:48.477 INFO  org.springframework.jmx.export.annotation.AnnotationMBeanExporter Line:916 - Bean with name 'writeDataSource' has been autodetected for JMX exposure
2018-11-19 10:09:48.477 INFO  org.springframework.jmx.export.annotation.AnnotationMBeanExporter Line:916 - Bean with name 'readDataSource' has been autodetected for JMX exposure
2018-11-19 10:09:48.485 INFO  org.springframework.jmx.export.annotation.AnnotationMBeanExporter Line:916 - Bean with name 'refreshScope' has been autodetected for JMX exposure
2018-11-19 10:09:48.485 INFO  org.springframework.jmx.export.annotation.AnnotationMBeanExporter Line:916 - Bean with name 'environmentManager' has been autodetected for JMX exposure
2018-11-19 10:09:48.488 INFO  org.springframework.jmx.export.annotation.AnnotationMBeanExporter Line:916 - Bean with name 'configurationPropertiesRebinder' has been autodetected for JMX exposure
2018-11-19 10:09:48.489 INFO  org.springframework.jmx.export.annotation.AnnotationMBeanExporter Line:916 - Bean with name 'refreshEndpoint' has been autodetected for JMX exposure
2018-11-19 10:09:48.489 INFO  org.springframework.jmx.export.annotation.AnnotationMBeanExporter Line:916 - Bean with name 'restartEndpoint' has been autodetected for JMX exposure
2018-11-19 10:09:48.492 INFO  org.springframework.jmx.export.annotation.AnnotationMBeanExporter Line:678 - Located managed bean 'environmentManager': registering with JMX server as MBean [org.springframework.cloud.context.environment:name=environmentManager,type=EnvironmentManager]
2018-11-19 10:09:48.502 INFO  org.springframework.jmx.export.annotation.AnnotationMBeanExporter Line:678 - Located managed bean 'restartEndpoint': registering with JMX server as MBean [org.springframework.cloud.context.restart:name=restartEndpoint,type=RestartEndpoint]
2018-11-19 10:09:48.512 INFO  org.springframework.jmx.export.annotation.AnnotationMBeanExporter Line:671 - Located MBean 'writeDataSource': registering with JMX server as MBean [com.alibaba.druid.pool:name=writeDataSource,type=DruidDataSource]
2018-11-19 10:09:48.514 INFO  org.springframework.jmx.export.annotation.AnnotationMBeanExporter Line:678 - Located managed bean 'refreshScope': registering with JMX server as MBean [org.springframework.cloud.context.scope.refresh:name=refreshScope,type=RefreshScope]
2018-11-19 10:09:48.525 INFO  org.springframework.jmx.export.annotation.AnnotationMBeanExporter Line:678 - Located managed bean 'configurationPropertiesRebinder': registering with JMX server as MBean [org.springframework.cloud.context.properties:name=configurationPropertiesRebinder,context=6aef4eb8,type=ConfigurationPropertiesRebinder]
2018-11-19 10:09:48.530 INFO  org.springframework.jmx.export.annotation.AnnotationMBeanExporter Line:678 - Located managed bean 'refreshEndpoint': registering with JMX server as MBean [org.springframework.cloud.endpoint:name=refreshEndpoint,type=RefreshEndpoint]
2018-11-19 10:09:48.532 INFO  org.springframework.jmx.export.annotation.AnnotationMBeanExporter Line:671 - Located MBean 'readDataSource': registering with JMX server as MBean [com.alibaba.druid.pool:name=readDataSource,type=DruidDataSource]
2018-11-19 10:09:49.213 INFO  org.springframework.context.support.DefaultLifecycleProcessor Line:343 - Starting beans in phase 0
2018-11-19 10:09:49.246 INFO  org.springframework.context.support.DefaultLifecycleProcessor Line:343 - Starting beans in phase 2147483547
2018-11-19 10:09:49.297 INFO  org.springframework.scheduling.concurrent.ThreadPoolTaskScheduler Line:165 - Initializing ExecutorService 
2018-11-19 10:09:49.302 INFO  org.springframework.context.support.DefaultLifecycleProcessor Line:343 - Starting beans in phase 2147483647
2018-11-19 10:09:49.303 INFO  springfox.documentation.spring.web.plugins.DocumentationPluginsBootstrapper Line:147 - Context refreshed
2018-11-19 10:09:49.317 INFO  springfox.documentation.spring.web.plugins.DocumentationPluginsBootstrapper Line:150 - Found 1 custom documentation plugin(s)
2018-11-19 10:09:49.353 INFO  springfox.documentation.spring.web.scanners.ApiListingReferenceScanner Line:41  - Scanning for api listing references
2018-11-19 10:09:49.440 INFO  org.springframework.kafka.listener.KafkaMessageListenerContainer Line:273 - partitions revoked:[]
2018-11-19 10:09:49.453 INFO  springfox.documentation.spring.web.readers.operation.CachingOperationNameGenerator Line:40  - Generating unique operation named: Guoqing_1
2018-11-19 10:09:49.457 INFO  springfox.documentation.spring.web.readers.operation.CachingOperationNameGenerator Line:40  - Generating unique operation named: Guoqing_2
2018-11-19 10:09:49.507 INFO  org.springframework.kafka.listener.KafkaMessageListenerContainer Line:278 - partitions assigned:[demo_seckill-9, demo_seckill-10, demo_seckill-11, demo_seckill-5, demo_seckill-6, demo_seckill-7, demo_seckill-8, demo_seckill-1, demo_seckill-2, demo_seckill-3, demo_seckill-4, demo_seckill-0]
2018-11-19 10:09:49.517 INFO  org.springframework.boot.context.embedded.tomcat.TomcatEmbeddedServletContainer Line:201 - Tomcat started on port(s): 8080 (http)
2018-11-19 10:09:49.524 INFO  cn.com.bluemoon.ServiceSeckillApplication Line:57  - Started ServiceSeckillApplication in 9.828 seconds (JVM running for 11.031)
2018-11-19 10:10:03.416 INFO  org.apache.tomcat.util.http.parser.Cookie Line:179 - A cookie header was received [1541465582,1541551937,1541642146] that contained an invalid cookie. That cookie will be ignored.Note: further occurrences of this error will be logged at DEBUG level.
2018-11-19 10:10:03.424 INFO  org.apache.catalina.core.ContainerBase.[Tomcat].[localhost].[/] Line:179 - Initializing Spring FrameworkServlet 'dispatcherServlet'
2018-11-19 10:10:03.425 INFO  org.springframework.web.servlet.DispatcherServlet Line:489 - FrameworkServlet 'dispatcherServlet': initialization started
2018-11-19 10:10:03.451 INFO  org.springframework.web.servlet.DispatcherServlet Line:508 - FrameworkServlet 'dispatcherServlet': initialization completed in 26 ms
2018-11-19 10:17:24.633 INFO  cn.com.bluemoon.redis.repository.RedisRepository Line:136 - [redisTemplate redis]   url:BM_MARKET_SECKILL_STOCKNUM_1
2018-11-19 10:17:24.643 INFO  cn.com.bluemoon.redis.repository.RedisRepository Line:136 - [redisTemplate redis]   url:BM_MARKET_SECKILL_REAL_STOCKNUM_1
2018-11-19 10:20:18.039 INFO  com.alibaba.druid.pool.DruidDataSource Line:667 - {dataSource-1} inited
2018-11-19 10:20:18.126 INFO  cn.com.bluemoon.redis.repository.RedisRepository Line:136 - [redisTemplate redis]   url:BM_MARKET_SECKILL_STOCKNUM_1
2018-11-19 10:20:18.231 INFO  cn.com.bluemoon.redis.repository.RedisRepository Line:136 - [redisTemplate redis]   url:BM_MARKET_LOCK_POLLING_1_this is a test openId
2018-11-19 10:20:18.246 INFO  cn.com.bluemoon.redis.repository.RedisRepository Line:77  - [redisTemplate redis]   url:BM_MARKET_SECKILL_LIMIT_1_this is a test openId ========604800
2018-11-19 10:20:18.299 INFO  cn.com.bluemoon.kafka.KafkaConsumer Line:33  - {"formId":"this is a test formId","openId":"this is a test openId","stallActivityId":1,"purchaseNum":1,"addressId":100}
2018-11-19 10:20:18.336 INFO  cn.com.bluemoon.redis.repository.RedisRepository Line:77  - [redisTemplate redis]   url:BM_MARKET_SECKILL_ORDERID_1_this is a test openId ========600
2018-11-19 10:20:18.350 INFO  cn.com.bluemoon.redis.repository.RedisRepository Line:136 - [redisTemplate redis]   url:BM_MARKET_SECKILL_REAL_STOCKNUM_1
2018-11-19 11:11:49.232 INFO  org.springframework.boot.admin.SpringApplicationAdminMXBeanRegistrar$SpringApplicationAdmin Line:125 - Application shutdown requested.
2018-11-19 11:11:49.234 INFO  org.springframework.boot.context.embedded.AnnotationConfigEmbeddedWebApplicationContext Line:984 - Closing org.springframework.boot.context.embedded.AnnotationConfigEmbeddedWebApplicationContext@6aef4eb8: startup date [Mon Nov 19 10:09:41 CST 2018]; parent: org.springframework.context.annotation.AnnotationConfigApplicationContext@2320fa6f
2018-11-19 11:11:49.237 INFO  org.springframework.context.support.DefaultLifecycleProcessor Line:358 - Stopping beans in phase 2147483647
2018-11-19 11:11:49.238 INFO  org.springframework.context.support.DefaultLifecycleProcessor Line:358 - Stopping beans in phase 2147483547
2018-11-19 11:11:49.244 INFO  org.springframework.scheduling.concurrent.ThreadPoolTaskScheduler Line:203 - Shutting down ExecutorService
2018-11-19 11:11:49.258 INFO  org.springframework.kafka.listener.KafkaMessageListenerContainer$ListenerConsumer Line:693 - Consumer stopped
2018-11-19 11:11:49.258 INFO  org.springframework.context.support.DefaultLifecycleProcessor Line:358 - Stopping beans in phase 0
2018-11-19 11:11:49.263 INFO  org.springframework.jmx.export.annotation.AnnotationMBeanExporter Line:449 - Unregistering JMX-exposed beans on shutdown
2018-11-19 11:11:49.263 INFO  org.springframework.jmx.export.annotation.AnnotationMBeanExporter Line:241 - Unregistering JMX-exposed beans
2018-11-19 11:11:49.267 INFO  com.alibaba.druid.pool.DruidDataSource Line:1383 - {dataSource-1} closed
2018-11-19 11:11:49.567 INFO  org.apache.catalina.core.StandardService Line:179 - Stopping service [Tomcat]
2018-11-19 11:11:49.583 INFO  org.apache.catalina.core.ContainerBase.[Tomcat].[localhost].[/] Line:179 - Destroying Spring FrameworkServlet 'dispatcherServlet'
